<!DOCTYPE html PUBLIC "-//W3C//DTD XHTML 1.1//EN" "http://www.w3.org/TR/xhtml11/DTD/xhtml11.dtd">
<html xmlns="http://www.w3.org/1999/xhtml">
<head>
<meta http-equiv="content-type" content="text/html; charset=UTF-8"/>
<title>TestNG Report</title>
<style type="text/css">table {margin-bottom:10px;border-collapse:collapse;empty-cells:show}th,td {border:1px solid #009;padding:.25em .5em}th {vertical-align:bottom}td {vertical-align:top}table a {font-weight:bold}.stripe td {background-color: #E6EBF9}.num {text-align:right}.passedodd td {background-color: #3F3}.passedeven td {background-color: #0A0}.skippedodd td {background-color: #DDD}.skippedeven td {background-color: #CCC}.failedodd td,.attn {background-color: #F33}.failedeven td,.stripe .attn {background-color: #D00}.stacktrace {white-space:pre;font-family:monospace}.totop {font-size:85%;text-align:center;border-bottom:2px solid #000}.invisible {display:none}</style>
</head>
<body>
<table>
<tr><th>Test</th><th># Passed</th><th># Skipped</th><th># Failed</th><th>Time (ms)</th><th>Included Groups</th><th>Excluded Groups</th></tr>
<tr><th colspan="7">Surefire suite</th></tr>
<tr><td><a href="#t0">Surefire test</a></td><td class="num">0</td><td class="num attn">8</td><td class="num">0</td><td class="num">66,146</td><td></td><td></td></tr>
</table>
<table id='summary'><thead><tr><th>Class</th><th>Method</th><th>Start</th><th>Time (ms)</th></tr></thead><tbody><tr><th colspan="4">Surefire suite</th></tr></tbody><tbody id="t0"><tr><th colspan="4">Surefire test &#8212; failed (configuration methods)</th></tr><tr class="failedeven"><td rowspan="1">com.nopcommerce.demo.testsuite.ComputerPageTest</td><td><a href="#m0">setUP</a></td><td rowspan="1">1572098007939</td><td rowspan="1">30470</td></tr><tr class="failedodd"><td rowspan="1">com.nopcommerce.demo.testsuite.DesktopPageTest</td><td><a href="#m1">setUP</a></td><td rowspan="1">1572098038551</td><td rowspan="1">15673</td></tr><tr class="failedeven"><td rowspan="1">com.nopcommerce.demo.testsuite.HomePageTest</td><td><a href="#m2">setUP</a></td><td rowspan="1">1572098054240</td><td rowspan="1">7220</td></tr><tr class="failedodd"><td rowspan="1">com.nopcommerce.demo.testsuite.ItemPageTest</td><td><a href="#m3">setUP</a></td><td rowspan="1">1572098061465</td><td rowspan="1">5906</td></tr><tr class="failedeven"><td rowspan="1">com.nopcommerce.demo.testsuite.RegisterPageTest</td><td><a href="#m4">setUP</a></td><td rowspan="1">1572098067392</td><td rowspan="1">6628</td></tr><tr><th colspan="4">Surefire test &#8212; skipped (configuration methods)</th></tr><tr class="skippedeven"><td rowspan="1">com.nopcommerce.demo.testsuite.ComputerPageTest</td><td><a href="#m5">tearDown</a></td><td rowspan="1">1572098038541</td><td rowspan="1">0</td></tr><tr class="skippedodd"><td rowspan="3">com.nopcommerce.demo.testsuite.DesktopPageTest</td><td><a href="#m6">setUP</a></td><td rowspan="1">1572098054234</td><td rowspan="1">0</td></tr><tr class="skippedodd"><td><a href="#m7">tearDown</a></td><td rowspan="2">1572098054232</td><td rowspan="2">0</td></tr><tr class="skippedodd"><td><a href="#m8">tearDown</a></td></tr><tr class="skippedeven"><td rowspan="1">com.nopcommerce.demo.testsuite.HomePageTest</td><td><a href="#m9">tearDown</a></td><td rowspan="1">1572098061464</td><td rowspan="1">0</td></tr><tr class="skippedodd"><td rowspan="3">com.nopcommerce.demo.testsuite.ItemPageTest</td><td><a href="#m10">setUP</a></td><td rowspan="1">1572098067383</td><td rowspan="1">0</td></tr><tr class="skippedodd"><td><a href="#m11">tearDown</a></td><td rowspan="2">1572098067386</td><td rowspan="2">0</td></tr><tr class="skippedodd"><td><a href="#m12">tearDown</a></td></tr><tr class="skippedeven"><td rowspan="3">com.nopcommerce.demo.testsuite.RegisterPageTest</td><td><a href="#m13">setUP</a></td><td rowspan="1">1572098074033</td><td rowspan="1">0</td></tr><tr class="skippedeven"><td><a href="#m14">tearDown</a></td><td rowspan="2">1572098074032</td><td rowspan="2">0</td></tr><tr class="skippedeven"><td><a href="#m15">tearDown</a></td></tr><tr><th colspan="4">Surefire test &#8212; skipped</th></tr><tr class="skippedeven"><td rowspan="1">com.nopcommerce.demo.testsuite.ComputerPageTest</td><td><a href="#m16">userShouldNavigateToComputerPage</a></td><td rowspan="1">1572098038536</td><td rowspan="1">0</td></tr><tr class="skippedodd"><td rowspan="2">com.nopcommerce.demo.testsuite.DesktopPageTest</td><td><a href="#m17">userShouldNavigateToDeskTopPage</a></td><td rowspan="1">1572098054230</td><td rowspan="1">0</td></tr><tr class="skippedodd"><td><a href="#m18">userShouldPickItemFromDesktop</a></td><td rowspan="1">1572098054235</td><td rowspan="1">0</td></tr><tr class="skippedeven"><td rowspan="1">com.nopcommerce.demo.testsuite.HomePageTest</td><td><a href="#m19">userShouldNavigateToHomePage</a></td><td rowspan="1">1572098061463</td><td rowspan="1">0</td></tr><tr class="skippedodd"><td rowspan="2">com.nopcommerce.demo.testsuite.ItemPageTest</td><td><a href="#m20">userShouldAddItemToCart</a></td><td rowspan="1">1572098067379</td><td rowspan="1">0</td></tr><tr class="skippedodd"><td><a href="#m21">userShouldNavigateToItemPage</a></td><td rowspan="1">1572098067384</td><td rowspan="1">0</td></tr><tr class="skippedeven"><td rowspan="2">com.nopcommerce.demo.testsuite.RegisterPageTest</td><td><a href="#m22">userShouldNavigateToRegisterPageSuccessfully</a></td><td rowspan="1">1572098074030</td><td rowspan="1">0</td></tr><tr class="skippedeven"><td><a href="#m23">userShouldRegisterOnNopCommerceApplication</a></td><td rowspan="1">1572098074034</td><td rowspan="1">0</td></tr></tbody>
</table>
<h2>Surefire test</h2><h3 id="m0">com.nopcommerce.demo.testsuite.ComputerPageTest#setUP</h3><table class="result"><tr><th>Exception</th></tr><tr><td><div class="stacktrace">org.openqa.selenium.WebDriverException: unknown error: cannot determine loading status
from disconnected: received Inspector.detached event
  (Session info: chrome=77.0.3865.120)
Build info: version: &apos;3.141.59&apos;, revision: &apos;e82be7d358&apos;, time: &apos;2018-11-14T08:17:03&apos;
System info: host: &apos;DAXESH&apos;, ip: &apos;172.17.16.191&apos;, os.name: &apos;Windows 10&apos;, os.arch: &apos;amd64&apos;, os.version: &apos;10.0&apos;, java.version: &apos;1.8.0_152&apos;
Driver info: org.openqa.selenium.chrome.ChromeDriver
Capabilities {acceptInsecureCerts: false, browserName: chrome, browserVersion: 77.0.3865.120, chrome: {chromedriverVersion: 77.0.3865.40 (f484704e052e0..., userDataDir: C:\Users\Samsung\AppData\Lo...}, goog:chromeOptions: {debuggerAddress: localhost:55312}, javascriptEnabled: true, networkConnectionEnabled: false, pageLoadStrategy: normal, platform: XP, platformName: XP, proxy: Proxy(), setWindowRect: true, strictFileInteractability: false, timeouts: {implicit: 0, pageLoad: 300000, script: 30000}, unhandledPromptBehavior: dismiss and notify}
Session ID: f7dffa7b1dac702d1af65dbe6bd3cb57
	at org.openqa.selenium.remote.http.W3CHttpResponseCodec.createException(W3CHttpResponseCodec.java:187)
	at org.openqa.selenium.remote.http.W3CHttpResponseCodec.decode(W3CHttpResponseCodec.java:122)
	at org.openqa.selenium.remote.http.W3CHttpResponseCodec.decode(W3CHttpResponseCodec.java:49)
	at org.openqa.selenium.remote.HttpCommandExecutor.execute(HttpCommandExecutor.java:158)
	at org.openqa.selenium.remote.service.DriverCommandExecutor.execute(DriverCommandExecutor.java:83)
	at org.openqa.selenium.remote.RemoteWebDriver.execute(RemoteWebDriver.java:552)
	at org.openqa.selenium.remote.RemoteWebDriver.get(RemoteWebDriver.java:277)
	at com.nopcommerce.demo.browserselector.BrowserSelector.selectBrowser(BrowserSelector.java:18)
	at com.nopcommerce.demo.testbase.TestBase.setUP(TestBase.java:16)
... Removed 37 stack frames</div></td></tr></table><p class="totop"><a href="#summary">back to summary</a></p>
<h3 id="m1">com.nopcommerce.demo.testsuite.DesktopPageTest#setUP</h3><table class="result"><tr><th>Exception</th></tr><tr><td><div class="stacktrace">org.openqa.selenium.NoSuchWindowException: no such window: target window already closed
from unknown error: web view not found
  (Session info: chrome=77.0.3865.120)
Build info: version: &apos;3.141.59&apos;, revision: &apos;e82be7d358&apos;, time: &apos;2018-11-14T08:17:03&apos;
System info: host: &apos;DAXESH&apos;, ip: &apos;172.17.16.191&apos;, os.name: &apos;Windows 10&apos;, os.arch: &apos;amd64&apos;, os.version: &apos;10.0&apos;, java.version: &apos;1.8.0_152&apos;
Driver info: org.openqa.selenium.chrome.ChromeDriver
Capabilities {acceptInsecureCerts: false, browserName: chrome, browserVersion: 77.0.3865.120, chrome: {chromedriverVersion: 77.0.3865.40 (f484704e052e0..., userDataDir: C:\Users\Samsung\AppData\Lo...}, goog:chromeOptions: {debuggerAddress: localhost:55332}, javascriptEnabled: true, networkConnectionEnabled: false, pageLoadStrategy: normal, platform: XP, platformName: XP, proxy: Proxy(), setWindowRect: true, strictFileInteractability: false, timeouts: {implicit: 0, pageLoad: 300000, script: 30000}, unhandledPromptBehavior: dismiss and notify}
Session ID: e787e9f392b3791388ee12067857bf2d
	at org.openqa.selenium.remote.http.W3CHttpResponseCodec.createException(W3CHttpResponseCodec.java:187)
	at org.openqa.selenium.remote.http.W3CHttpResponseCodec.decode(W3CHttpResponseCodec.java:122)
	at org.openqa.selenium.remote.http.W3CHttpResponseCodec.decode(W3CHttpResponseCodec.java:49)
	at org.openqa.selenium.remote.HttpCommandExecutor.execute(HttpCommandExecutor.java:158)
	at org.openqa.selenium.remote.service.DriverCommandExecutor.execute(DriverCommandExecutor.java:83)
	at org.openqa.selenium.remote.RemoteWebDriver.execute(RemoteWebDriver.java:552)
	at org.openqa.selenium.remote.RemoteWebDriver.execute(RemoteWebDriver.java:609)
	at org.openqa.selenium.remote.RemoteWebDriver$RemoteWebDriverOptions$RemoteWindow.maximize(RemoteWebDriver.java:837)
	at com.nopcommerce.demo.browserselector.BrowserSelector.selectBrowser(BrowserSelector.java:19)
	at com.nopcommerce.demo.testbase.TestBase.setUP(TestBase.java:16)
... Removed 37 stack frames</div></td></tr></table><p class="totop"><a href="#summary">back to summary</a></p>
<h3 id="m2">com.nopcommerce.demo.testsuite.HomePageTest#setUP</h3><table class="result"><tr><th>Exception</th></tr><tr><td><div class="stacktrace">org.openqa.selenium.SessionNotCreatedException: session not created
from disconnected: received Inspector.detached event
  (Session info: chrome=77.0.3865.120)
Build info: version: &apos;3.141.59&apos;, revision: &apos;e82be7d358&apos;, time: &apos;2018-11-14T08:17:03&apos;
System info: host: &apos;DAXESH&apos;, ip: &apos;172.17.16.191&apos;, os.name: &apos;Windows 10&apos;, os.arch: &apos;amd64&apos;, os.version: &apos;10.0&apos;, java.version: &apos;1.8.0_152&apos;
Driver info: driver.version: ChromeDriver
remote stacktrace: Backtrace:
	Ordinal0 [0x00BDEB13+1501971]
	Ordinal0 [0x00B5F6D1+980689]
	Ordinal0 [0x00AE765F+489055]
	Ordinal0 [0x00AE02B5+459445]
	Ordinal0 [0x00ADFEA4+458404]
	Ordinal0 [0x00ADFA1D+457245]
	Ordinal0 [0x00ADF21D+455197]
	Ordinal0 [0x00ADEDE4+454116]
	Ordinal0 [0x00ADEDA5+454053]
	Ordinal0 [0x00ADBAE2+441058]
	Ordinal0 [0x00ADED5C+453980]
	Ordinal0 [0x00ADEC44+453700]
	Ordinal0 [0x00AE8330+492336]
	Ordinal0 [0x00A9A108+172296]
	Ordinal0 [0x00A9942D+169005]
	Ordinal0 [0x00A978EB+162027]
	Ordinal0 [0x00A80AC7+68295]
	Ordinal0 [0x00A81B40+72512]
	Ordinal0 [0x00A81AD9+72409]
	Ordinal0 [0x00B78F37+1085239]
	GetHandleVerifier [0x00C7D7ED+503293]
	GetHandleVerifier [0x00C7D580+502672]
	GetHandleVerifier [0x00C846AC+531644]
	GetHandleVerifier [0x00C7DFFA+505354]
	Ordinal0 [0x00B70606+1050118]
	Ordinal0 [0x00B7047F+1049727]
	Ordinal0 [0x00B7AF9B+1093531]
	Ordinal0 [0x00B7B103+1093891]
	Ordinal0 [0x00B7A095+1089685]
	BaseThreadInitThunk [0x755C8494+36]
	RtlAreBitsSet [0x77DE41C8+136]
	RtlAreBitsSet [0x77DE4198+88]

	at org.openqa.selenium.remote.W3CHandshakeResponse.lambda$errorHandler$0(W3CHandshakeResponse.java:62)
	at org.openqa.selenium.remote.HandshakeResponse.lambda$getResponseFunction$0(HandshakeResponse.java:30)
	at org.openqa.selenium.remote.ProtocolHandshake.lambda$createSession$0(ProtocolHandshake.java:126)
	at java.util.stream.ReferencePipeline$3$1.accept(ReferencePipeline.java:193)
	at java.util.Spliterators$ArraySpliterator.tryAdvance(Spliterators.java:958)
	at java.util.stream.ReferencePipeline.forEachWithCancel(ReferencePipeline.java:126)
	at java.util.stream.AbstractPipeline.copyIntoWithCancel(AbstractPipeline.java:498)
	at java.util.stream.AbstractPipeline.copyInto(AbstractPipeline.java:485)
	at java.util.stream.AbstractPipeline.wrapAndCopyInto(AbstractPipeline.java:471)
	at java.util.stream.FindOps$FindOp.evaluateSequential(FindOps.java:152)
	at java.util.stream.AbstractPipeline.evaluate(AbstractPipeline.java:234)
	at java.util.stream.ReferencePipeline.findFirst(ReferencePipeline.java:464)
	at org.openqa.selenium.remote.ProtocolHandshake.createSession(ProtocolHandshake.java:128)
	at org.openqa.selenium.remote.ProtocolHandshake.createSession(ProtocolHandshake.java:74)
	at org.openqa.selenium.remote.HttpCommandExecutor.execute(HttpCommandExecutor.java:136)
	at org.openqa.selenium.remote.service.DriverCommandExecutor.execute(DriverCommandExecutor.java:83)
	at org.openqa.selenium.remote.RemoteWebDriver.execute(RemoteWebDriver.java:552)
	at org.openqa.selenium.remote.RemoteWebDriver.startSession(RemoteWebDriver.java:213)
	at org.openqa.selenium.remote.RemoteWebDriver.&lt;init&gt;(RemoteWebDriver.java:131)
	at org.openqa.selenium.chrome.ChromeDriver.&lt;init&gt;(ChromeDriver.java:181)
	at org.openqa.selenium.chrome.ChromeDriver.&lt;init&gt;(ChromeDriver.java:168)
	at org.openqa.selenium.chrome.ChromeDriver.&lt;init&gt;(ChromeDriver.java:123)
	at com.nopcommerce.demo.browserselector.BrowserSelector.selectBrowser(BrowserSelector.java:17)
	at com.nopcommerce.demo.testbase.TestBase.setUP(TestBase.java:16)
... Removed 37 stack frames</div></td></tr></table><p class="totop"><a href="#summary">back to summary</a></p>
<h3 id="m3">com.nopcommerce.demo.testsuite.ItemPageTest#setUP</h3><table class="result"><tr><th>Exception</th></tr><tr><td><div class="stacktrace">org.openqa.selenium.SessionNotCreatedException: session not created
from disconnected: received Inspector.detached event
  (Session info: chrome=77.0.3865.120)
Build info: version: &apos;3.141.59&apos;, revision: &apos;e82be7d358&apos;, time: &apos;2018-11-14T08:17:03&apos;
System info: host: &apos;DAXESH&apos;, ip: &apos;172.17.16.191&apos;, os.name: &apos;Windows 10&apos;, os.arch: &apos;amd64&apos;, os.version: &apos;10.0&apos;, java.version: &apos;1.8.0_152&apos;
Driver info: driver.version: ChromeDriver
remote stacktrace: Backtrace:
	Ordinal0 [0x00BDEB13+1501971]
	Ordinal0 [0x00B5F6D1+980689]
	Ordinal0 [0x00AE765F+489055]
	Ordinal0 [0x00AE02B5+459445]
	Ordinal0 [0x00ADFEA4+458404]
	Ordinal0 [0x00ADFA1D+457245]
	Ordinal0 [0x00ADF21D+455197]
	Ordinal0 [0x00ADEDE4+454116]
	Ordinal0 [0x00ADEDA5+454053]
	Ordinal0 [0x00ADBAE2+441058]
	Ordinal0 [0x00ADED5C+453980]
	Ordinal0 [0x00ADEC44+453700]
	Ordinal0 [0x00AE8330+492336]
	Ordinal0 [0x00A9A108+172296]
	Ordinal0 [0x00A9942D+169005]
	Ordinal0 [0x00A978EB+162027]
	Ordinal0 [0x00A80AC7+68295]
	Ordinal0 [0x00A81B40+72512]
	Ordinal0 [0x00A81AD9+72409]
	Ordinal0 [0x00B78F37+1085239]
	GetHandleVerifier [0x00C7D7ED+503293]
	GetHandleVerifier [0x00C7D580+502672]
	GetHandleVerifier [0x00C846AC+531644]
	GetHandleVerifier [0x00C7DFFA+505354]
	Ordinal0 [0x00B70606+1050118]
	Ordinal0 [0x00B7047F+1049727]
	Ordinal0 [0x00B7AF9B+1093531]
	Ordinal0 [0x00B7B103+1093891]
	Ordinal0 [0x00B7A095+1089685]
	BaseThreadInitThunk [0x755C8494+36]
	RtlAreBitsSet [0x77DE41C8+136]
	RtlAreBitsSet [0x77DE4198+88]

	at org.openqa.selenium.remote.W3CHandshakeResponse.lambda$errorHandler$0(W3CHandshakeResponse.java:62)
	at org.openqa.selenium.remote.HandshakeResponse.lambda$getResponseFunction$0(HandshakeResponse.java:30)
	at org.openqa.selenium.remote.ProtocolHandshake.lambda$createSession$0(ProtocolHandshake.java:126)
	at java.util.stream.ReferencePipeline$3$1.accept(ReferencePipeline.java:193)
	at java.util.Spliterators$ArraySpliterator.tryAdvance(Spliterators.java:958)
	at java.util.stream.ReferencePipeline.forEachWithCancel(ReferencePipeline.java:126)
	at java.util.stream.AbstractPipeline.copyIntoWithCancel(AbstractPipeline.java:498)
	at java.util.stream.AbstractPipeline.copyInto(AbstractPipeline.java:485)
	at java.util.stream.AbstractPipeline.wrapAndCopyInto(AbstractPipeline.java:471)
	at java.util.stream.FindOps$FindOp.evaluateSequential(FindOps.java:152)
	at java.util.stream.AbstractPipeline.evaluate(AbstractPipeline.java:234)
	at java.util.stream.ReferencePipeline.findFirst(ReferencePipeline.java:464)
	at org.openqa.selenium.remote.ProtocolHandshake.createSession(ProtocolHandshake.java:128)
	at org.openqa.selenium.remote.ProtocolHandshake.createSession(ProtocolHandshake.java:74)
	at org.openqa.selenium.remote.HttpCommandExecutor.execute(HttpCommandExecutor.java:136)
	at org.openqa.selenium.remote.service.DriverCommandExecutor.execute(DriverCommandExecutor.java:83)
	at org.openqa.selenium.remote.RemoteWebDriver.execute(RemoteWebDriver.java:552)
	at org.openqa.selenium.remote.RemoteWebDriver.startSession(RemoteWebDriver.java:213)
	at org.openqa.selenium.remote.RemoteWebDriver.&lt;init&gt;(RemoteWebDriver.java:131)
	at org.openqa.selenium.chrome.ChromeDriver.&lt;init&gt;(ChromeDriver.java:181)
	at org.openqa.selenium.chrome.ChromeDriver.&lt;init&gt;(ChromeDriver.java:168)
	at org.openqa.selenium.chrome.ChromeDriver.&lt;init&gt;(ChromeDriver.java:123)
	at com.nopcommerce.demo.browserselector.BrowserSelector.selectBrowser(BrowserSelector.java:17)
	at com.nopcommerce.demo.testbase.TestBase.setUP(TestBase.java:16)
... Removed 37 stack frames</div></td></tr></table><p class="totop"><a href="#summary">back to summary</a></p>
<h3 id="m4">com.nopcommerce.demo.testsuite.RegisterPageTest#setUP</h3><table class="result"><tr><th>Exception</th></tr><tr><td><div class="stacktrace">org.openqa.selenium.SessionNotCreatedException: session not created
from disconnected: received Inspector.detached event
  (Session info: chrome=77.0.3865.120)
Build info: version: &apos;3.141.59&apos;, revision: &apos;e82be7d358&apos;, time: &apos;2018-11-14T08:17:03&apos;
System info: host: &apos;DAXESH&apos;, ip: &apos;172.17.16.191&apos;, os.name: &apos;Windows 10&apos;, os.arch: &apos;amd64&apos;, os.version: &apos;10.0&apos;, java.version: &apos;1.8.0_152&apos;
Driver info: driver.version: ChromeDriver
remote stacktrace: Backtrace:
	Ordinal0 [0x00BDEB13+1501971]
	Ordinal0 [0x00B5F6D1+980689]
	Ordinal0 [0x00AE765F+489055]
	Ordinal0 [0x00AE02B5+459445]
	Ordinal0 [0x00ADFEA4+458404]
	Ordinal0 [0x00ADFA1D+457245]
	Ordinal0 [0x00ADF21D+455197]
	Ordinal0 [0x00ADEDE4+454116]
	Ordinal0 [0x00ADEDA5+454053]
	Ordinal0 [0x00AE374D+472909]
	Ordinal0 [0x00ADED5C+453980]
	Ordinal0 [0x00ADF6D1+456401]
	Ordinal0 [0x00ADF21D+455197]
	Ordinal0 [0x00ADEDE4+454116]
	Ordinal0 [0x00ADEDA5+454053]
	Ordinal0 [0x00AE2C67+470119]
	Ordinal0 [0x00ADED5C+453980]
	Ordinal0 [0x00ADF6D1+456401]
	Ordinal0 [0x00ADF21D+455197]
	Ordinal0 [0x00ADEDE4+454116]
	Ordinal0 [0x00ADEDA5+454053]
	Ordinal0 [0x00ADBA0C+440844]
	Ordinal0 [0x00ADED5C+453980]
	Ordinal0 [0x00ADEC44+453700]
	Ordinal0 [0x00AE8330+492336]
	Ordinal0 [0x00A9A108+172296]
	Ordinal0 [0x00A9942D+169005]
	Ordinal0 [0x00A978EB+162027]
	Ordinal0 [0x00A80AC7+68295]
	Ordinal0 [0x00A81B40+72512]
	Ordinal0 [0x00A81AD9+72409]
	Ordinal0 [0x00B78F37+1085239]
	GetHandleVerifier [0x00C7D7ED+503293]
	GetHandleVerifier [0x00C7D580+502672]
	GetHandleVerifier [0x00C846AC+531644]
	GetHandleVerifier [0x00C7DFFA+505354]
	Ordinal0 [0x00B70606+1050118]
	Ordinal0 [0x00B7047F+1049727]
	Ordinal0 [0x00B7AF9B+1093531]
	Ordinal0 [0x00B7B103+1093891]
	Ordinal0 [0x00B7A095+1089685]
	BaseThreadInitThunk [0x755C8494+36]
	RtlAreBitsSet [0x77DE41C8+136]
	RtlAreBitsSet [0x77DE4198+88]

	at org.openqa.selenium.remote.W3CHandshakeResponse.lambda$errorHandler$0(W3CHandshakeResponse.java:62)
	at org.openqa.selenium.remote.HandshakeResponse.lambda$getResponseFunction$0(HandshakeResponse.java:30)
	at org.openqa.selenium.remote.ProtocolHandshake.lambda$createSession$0(ProtocolHandshake.java:126)
	at java.util.stream.ReferencePipeline$3$1.accept(ReferencePipeline.java:193)
	at java.util.Spliterators$ArraySpliterator.tryAdvance(Spliterators.java:958)
	at java.util.stream.ReferencePipeline.forEachWithCancel(ReferencePipeline.java:126)
	at java.util.stream.AbstractPipeline.copyIntoWithCancel(AbstractPipeline.java:498)
	at java.util.stream.AbstractPipeline.copyInto(AbstractPipeline.java:485)
	at java.util.stream.AbstractPipeline.wrapAndCopyInto(AbstractPipeline.java:471)
	at java.util.stream.FindOps$FindOp.evaluateSequential(FindOps.java:152)
	at java.util.stream.AbstractPipeline.evaluate(AbstractPipeline.java:234)
	at java.util.stream.ReferencePipeline.findFirst(ReferencePipeline.java:464)
	at org.openqa.selenium.remote.ProtocolHandshake.createSession(ProtocolHandshake.java:128)
	at org.openqa.selenium.remote.ProtocolHandshake.createSession(ProtocolHandshake.java:74)
	at org.openqa.selenium.remote.HttpCommandExecutor.execute(HttpCommandExecutor.java:136)
	at org.openqa.selenium.remote.service.DriverCommandExecutor.execute(DriverCommandExecutor.java:83)
	at org.openqa.selenium.remote.RemoteWebDriver.execute(RemoteWebDriver.java:552)
	at org.openqa.selenium.remote.RemoteWebDriver.startSession(RemoteWebDriver.java:213)
	at org.openqa.selenium.remote.RemoteWebDriver.&lt;init&gt;(RemoteWebDriver.java:131)
	at org.openqa.selenium.chrome.ChromeDriver.&lt;init&gt;(ChromeDriver.java:181)
	at org.openqa.selenium.chrome.ChromeDriver.&lt;init&gt;(ChromeDriver.java:168)
	at org.openqa.selenium.chrome.ChromeDriver.&lt;init&gt;(ChromeDriver.java:123)
	at com.nopcommerce.demo.browserselector.BrowserSelector.selectBrowser(BrowserSelector.java:17)
	at com.nopcommerce.demo.testbase.TestBase.setUP(TestBase.java:16)
... Removed 37 stack frames</div></td></tr></table><p class="totop"><a href="#summary">back to summary</a></p>
<h3 id="m5">com.nopcommerce.demo.testsuite.ComputerPageTest#tearDown</h3><table class="result"><tr><th class="invisible"/></tr></table><p class="totop"><a href="#summary">back to summary</a></p>
<h3 id="m6">com.nopcommerce.demo.testsuite.DesktopPageTest#setUP</h3><table class="result"><tr><th class="invisible"/></tr></table><p class="totop"><a href="#summary">back to summary</a></p>
<h3 id="m7">com.nopcommerce.demo.testsuite.DesktopPageTest#tearDown</h3><table class="result"><tr><th class="invisible"/></tr></table><p class="totop"><a href="#summary">back to summary</a></p>
<h3 id="m8">com.nopcommerce.demo.testsuite.DesktopPageTest#tearDown</h3><table class="result"><tr><th class="invisible"/></tr></table><p class="totop"><a href="#summary">back to summary</a></p>
<h3 id="m9">com.nopcommerce.demo.testsuite.HomePageTest#tearDown</h3><table class="result"><tr><th class="invisible"/></tr></table><p class="totop"><a href="#summary">back to summary</a></p>
<h3 id="m10">com.nopcommerce.demo.testsuite.ItemPageTest#setUP</h3><table class="result"><tr><th class="invisible"/></tr></table><p class="totop"><a href="#summary">back to summary</a></p>
<h3 id="m11">com.nopcommerce.demo.testsuite.ItemPageTest#tearDown</h3><table class="result"><tr><th class="invisible"/></tr></table><p class="totop"><a href="#summary">back to summary</a></p>
<h3 id="m12">com.nopcommerce.demo.testsuite.ItemPageTest#tearDown</h3><table class="result"><tr><th class="invisible"/></tr></table><p class="totop"><a href="#summary">back to summary</a></p>
<h3 id="m13">com.nopcommerce.demo.testsuite.RegisterPageTest#setUP</h3><table class="result"><tr><th class="invisible"/></tr></table><p class="totop"><a href="#summary">back to summary</a></p>
<h3 id="m14">com.nopcommerce.demo.testsuite.RegisterPageTest#tearDown</h3><table class="result"><tr><th class="invisible"/></tr></table><p class="totop"><a href="#summary">back to summary</a></p>
<h3 id="m15">com.nopcommerce.demo.testsuite.RegisterPageTest#tearDown</h3><table class="result"><tr><th class="invisible"/></tr></table><p class="totop"><a href="#summary">back to summary</a></p>
<h3 id="m16">com.nopcommerce.demo.testsuite.ComputerPageTest#userShouldNavigateToComputerPage</h3><table class="result"><tr><th>Exception</th></tr><tr><td><div class="stacktrace">org.openqa.selenium.WebDriverException: unknown error: cannot determine loading status
from disconnected: received Inspector.detached event
  (Session info: chrome=77.0.3865.120)
Build info: version: &apos;3.141.59&apos;, revision: &apos;e82be7d358&apos;, time: &apos;2018-11-14T08:17:03&apos;
System info: host: &apos;DAXESH&apos;, ip: &apos;172.17.16.191&apos;, os.name: &apos;Windows 10&apos;, os.arch: &apos;amd64&apos;, os.version: &apos;10.0&apos;, java.version: &apos;1.8.0_152&apos;
Driver info: org.openqa.selenium.chrome.ChromeDriver
Capabilities {acceptInsecureCerts: false, browserName: chrome, browserVersion: 77.0.3865.120, chrome: {chromedriverVersion: 77.0.3865.40 (f484704e052e0..., userDataDir: C:\Users\Samsung\AppData\Lo...}, goog:chromeOptions: {debuggerAddress: localhost:55312}, javascriptEnabled: true, networkConnectionEnabled: false, pageLoadStrategy: normal, platform: XP, platformName: XP, proxy: Proxy(), setWindowRect: true, strictFileInteractability: false, timeouts: {implicit: 0, pageLoad: 300000, script: 30000}, unhandledPromptBehavior: dismiss and notify}
Session ID: f7dffa7b1dac702d1af65dbe6bd3cb57
	at org.openqa.selenium.remote.http.W3CHttpResponseCodec.createException(W3CHttpResponseCodec.java:187)
	at org.openqa.selenium.remote.http.W3CHttpResponseCodec.decode(W3CHttpResponseCodec.java:122)
	at org.openqa.selenium.remote.http.W3CHttpResponseCodec.decode(W3CHttpResponseCodec.java:49)
	at org.openqa.selenium.remote.HttpCommandExecutor.execute(HttpCommandExecutor.java:158)
	at org.openqa.selenium.remote.service.DriverCommandExecutor.execute(DriverCommandExecutor.java:83)
	at org.openqa.selenium.remote.RemoteWebDriver.execute(RemoteWebDriver.java:552)
	at org.openqa.selenium.remote.RemoteWebDriver.get(RemoteWebDriver.java:277)
	at com.nopcommerce.demo.browserselector.BrowserSelector.selectBrowser(BrowserSelector.java:18)
	at com.nopcommerce.demo.testbase.TestBase.setUP(TestBase.java:16)
... Removed 37 stack frames</div></td></tr></table><p class="totop"><a href="#summary">back to summary</a></p>
<h3 id="m17">com.nopcommerce.demo.testsuite.DesktopPageTest#userShouldNavigateToDeskTopPage</h3><table class="result"><tr><th>Exception</th></tr><tr><td><div class="stacktrace">org.openqa.selenium.NoSuchWindowException: no such window: target window already closed
from unknown error: web view not found
  (Session info: chrome=77.0.3865.120)
Build info: version: &apos;3.141.59&apos;, revision: &apos;e82be7d358&apos;, time: &apos;2018-11-14T08:17:03&apos;
System info: host: &apos;DAXESH&apos;, ip: &apos;172.17.16.191&apos;, os.name: &apos;Windows 10&apos;, os.arch: &apos;amd64&apos;, os.version: &apos;10.0&apos;, java.version: &apos;1.8.0_152&apos;
Driver info: org.openqa.selenium.chrome.ChromeDriver
Capabilities {acceptInsecureCerts: false, browserName: chrome, browserVersion: 77.0.3865.120, chrome: {chromedriverVersion: 77.0.3865.40 (f484704e052e0..., userDataDir: C:\Users\Samsung\AppData\Lo...}, goog:chromeOptions: {debuggerAddress: localhost:55332}, javascriptEnabled: true, networkConnectionEnabled: false, pageLoadStrategy: normal, platform: XP, platformName: XP, proxy: Proxy(), setWindowRect: true, strictFileInteractability: false, timeouts: {implicit: 0, pageLoad: 300000, script: 30000}, unhandledPromptBehavior: dismiss and notify}
Session ID: e787e9f392b3791388ee12067857bf2d
	at org.openqa.selenium.remote.http.W3CHttpResponseCodec.createException(W3CHttpResponseCodec.java:187)
	at org.openqa.selenium.remote.http.W3CHttpResponseCodec.decode(W3CHttpResponseCodec.java:122)
	at org.openqa.selenium.remote.http.W3CHttpResponseCodec.decode(W3CHttpResponseCodec.java:49)
	at org.openqa.selenium.remote.HttpCommandExecutor.execute(HttpCommandExecutor.java:158)
	at org.openqa.selenium.remote.service.DriverCommandExecutor.execute(DriverCommandExecutor.java:83)
	at org.openqa.selenium.remote.RemoteWebDriver.execute(RemoteWebDriver.java:552)
	at org.openqa.selenium.remote.RemoteWebDriver.execute(RemoteWebDriver.java:609)
	at org.openqa.selenium.remote.RemoteWebDriver$RemoteWebDriverOptions$RemoteWindow.maximize(RemoteWebDriver.java:837)
	at com.nopcommerce.demo.browserselector.BrowserSelector.selectBrowser(BrowserSelector.java:19)
	at com.nopcommerce.demo.testbase.TestBase.setUP(TestBase.java:16)
... Removed 37 stack frames</div></td></tr></table><p class="totop"><a href="#summary">back to summary</a></p>
<h3 id="m18">com.nopcommerce.demo.testsuite.DesktopPageTest#userShouldPickItemFromDesktop</h3><table class="result"><tr><th>Exception</th></tr><tr><td><div class="stacktrace">org.openqa.selenium.NoSuchWindowException: no such window: target window already closed
from unknown error: web view not found
  (Session info: chrome=77.0.3865.120)
Build info: version: &apos;3.141.59&apos;, revision: &apos;e82be7d358&apos;, time: &apos;2018-11-14T08:17:03&apos;
System info: host: &apos;DAXESH&apos;, ip: &apos;172.17.16.191&apos;, os.name: &apos;Windows 10&apos;, os.arch: &apos;amd64&apos;, os.version: &apos;10.0&apos;, java.version: &apos;1.8.0_152&apos;
Driver info: org.openqa.selenium.chrome.ChromeDriver
Capabilities {acceptInsecureCerts: false, browserName: chrome, browserVersion: 77.0.3865.120, chrome: {chromedriverVersion: 77.0.3865.40 (f484704e052e0..., userDataDir: C:\Users\Samsung\AppData\Lo...}, goog:chromeOptions: {debuggerAddress: localhost:55332}, javascriptEnabled: true, networkConnectionEnabled: false, pageLoadStrategy: normal, platform: XP, platformName: XP, proxy: Proxy(), setWindowRect: true, strictFileInteractability: false, timeouts: {implicit: 0, pageLoad: 300000, script: 30000}, unhandledPromptBehavior: dismiss and notify}
Session ID: e787e9f392b3791388ee12067857bf2d
	at org.openqa.selenium.remote.http.W3CHttpResponseCodec.createException(W3CHttpResponseCodec.java:187)
	at org.openqa.selenium.remote.http.W3CHttpResponseCodec.decode(W3CHttpResponseCodec.java:122)
	at org.openqa.selenium.remote.http.W3CHttpResponseCodec.decode(W3CHttpResponseCodec.java:49)
	at org.openqa.selenium.remote.HttpCommandExecutor.execute(HttpCommandExecutor.java:158)
	at org.openqa.selenium.remote.service.DriverCommandExecutor.execute(DriverCommandExecutor.java:83)
	at org.openqa.selenium.remote.RemoteWebDriver.execute(RemoteWebDriver.java:552)
	at org.openqa.selenium.remote.RemoteWebDriver.execute(RemoteWebDriver.java:609)
	at org.openqa.selenium.remote.RemoteWebDriver$RemoteWebDriverOptions$RemoteWindow.maximize(RemoteWebDriver.java:837)
	at com.nopcommerce.demo.browserselector.BrowserSelector.selectBrowser(BrowserSelector.java:19)
	at com.nopcommerce.demo.testbase.TestBase.setUP(TestBase.java:16)
... Removed 37 stack frames</div></td></tr></table><p class="totop"><a href="#summary">back to summary</a></p>
<h3 id="m19">com.nopcommerce.demo.testsuite.HomePageTest#userShouldNavigateToHomePage</h3><table class="result"><tr><th>Exception</th></tr><tr><td><div class="stacktrace">org.openqa.selenium.SessionNotCreatedException: session not created
from disconnected: received Inspector.detached event
  (Session info: chrome=77.0.3865.120)
Build info: version: &apos;3.141.59&apos;, revision: &apos;e82be7d358&apos;, time: &apos;2018-11-14T08:17:03&apos;
System info: host: &apos;DAXESH&apos;, ip: &apos;172.17.16.191&apos;, os.name: &apos;Windows 10&apos;, os.arch: &apos;amd64&apos;, os.version: &apos;10.0&apos;, java.version: &apos;1.8.0_152&apos;
Driver info: driver.version: ChromeDriver
remote stacktrace: Backtrace:
	Ordinal0 [0x00BDEB13+1501971]
	Ordinal0 [0x00B5F6D1+980689]
	Ordinal0 [0x00AE765F+489055]
	Ordinal0 [0x00AE02B5+459445]
	Ordinal0 [0x00ADFEA4+458404]
	Ordinal0 [0x00ADFA1D+457245]
	Ordinal0 [0x00ADF21D+455197]
	Ordinal0 [0x00ADEDE4+454116]
	Ordinal0 [0x00ADEDA5+454053]
	Ordinal0 [0x00ADBAE2+441058]
	Ordinal0 [0x00ADED5C+453980]
	Ordinal0 [0x00ADEC44+453700]
	Ordinal0 [0x00AE8330+492336]
	Ordinal0 [0x00A9A108+172296]
	Ordinal0 [0x00A9942D+169005]
	Ordinal0 [0x00A978EB+162027]
	Ordinal0 [0x00A80AC7+68295]
	Ordinal0 [0x00A81B40+72512]
	Ordinal0 [0x00A81AD9+72409]
	Ordinal0 [0x00B78F37+1085239]
	GetHandleVerifier [0x00C7D7ED+503293]
	GetHandleVerifier [0x00C7D580+502672]
	GetHandleVerifier [0x00C846AC+531644]
	GetHandleVerifier [0x00C7DFFA+505354]
	Ordinal0 [0x00B70606+1050118]
	Ordinal0 [0x00B7047F+1049727]
	Ordinal0 [0x00B7AF9B+1093531]
	Ordinal0 [0x00B7B103+1093891]
	Ordinal0 [0x00B7A095+1089685]
	BaseThreadInitThunk [0x755C8494+36]
	RtlAreBitsSet [0x77DE41C8+136]
	RtlAreBitsSet [0x77DE4198+88]

	at org.openqa.selenium.remote.W3CHandshakeResponse.lambda$errorHandler$0(W3CHandshakeResponse.java:62)
	at org.openqa.selenium.remote.HandshakeResponse.lambda$getResponseFunction$0(HandshakeResponse.java:30)
	at org.openqa.selenium.remote.ProtocolHandshake.lambda$createSession$0(ProtocolHandshake.java:126)
	at java.util.stream.ReferencePipeline$3$1.accept(ReferencePipeline.java:193)
	at java.util.Spliterators$ArraySpliterator.tryAdvance(Spliterators.java:958)
	at java.util.stream.ReferencePipeline.forEachWithCancel(ReferencePipeline.java:126)
	at java.util.stream.AbstractPipeline.copyIntoWithCancel(AbstractPipeline.java:498)
	at java.util.stream.AbstractPipeline.copyInto(AbstractPipeline.java:485)
	at java.util.stream.AbstractPipeline.wrapAndCopyInto(AbstractPipeline.java:471)
	at java.util.stream.FindOps$FindOp.evaluateSequential(FindOps.java:152)
	at java.util.stream.AbstractPipeline.evaluate(AbstractPipeline.java:234)
	at java.util.stream.ReferencePipeline.findFirst(ReferencePipeline.java:464)
	at org.openqa.selenium.remote.ProtocolHandshake.createSession(ProtocolHandshake.java:128)
	at org.openqa.selenium.remote.ProtocolHandshake.createSession(ProtocolHandshake.java:74)
	at org.openqa.selenium.remote.HttpCommandExecutor.execute(HttpCommandExecutor.java:136)
	at org.openqa.selenium.remote.service.DriverCommandExecutor.execute(DriverCommandExecutor.java:83)
	at org.openqa.selenium.remote.RemoteWebDriver.execute(RemoteWebDriver.java:552)
	at org.openqa.selenium.remote.RemoteWebDriver.startSession(RemoteWebDriver.java:213)
	at org.openqa.selenium.remote.RemoteWebDriver.&lt;init&gt;(RemoteWebDriver.java:131)
	at org.openqa.selenium.chrome.ChromeDriver.&lt;init&gt;(ChromeDriver.java:181)
	at org.openqa.selenium.chrome.ChromeDriver.&lt;init&gt;(ChromeDriver.java:168)
	at org.openqa.selenium.chrome.ChromeDriver.&lt;init&gt;(ChromeDriver.java:123)
	at com.nopcommerce.demo.browserselector.BrowserSelector.selectBrowser(BrowserSelector.java:17)
	at com.nopcommerce.demo.testbase.TestBase.setUP(TestBase.java:16)
... Removed 37 stack frames</div></td></tr></table><p class="totop"><a href="#summary">back to summary</a></p>
<h3 id="m20">com.nopcommerce.demo.testsuite.ItemPageTest#userShouldAddItemToCart</h3><table class="result"><tr><th>Exception</th></tr><tr><td><div class="stacktrace">org.openqa.selenium.SessionNotCreatedException: session not created
from disconnected: received Inspector.detached event
  (Session info: chrome=77.0.3865.120)
Build info: version: &apos;3.141.59&apos;, revision: &apos;e82be7d358&apos;, time: &apos;2018-11-14T08:17:03&apos;
System info: host: &apos;DAXESH&apos;, ip: &apos;172.17.16.191&apos;, os.name: &apos;Windows 10&apos;, os.arch: &apos;amd64&apos;, os.version: &apos;10.0&apos;, java.version: &apos;1.8.0_152&apos;
Driver info: driver.version: ChromeDriver
remote stacktrace: Backtrace:
	Ordinal0 [0x00BDEB13+1501971]
	Ordinal0 [0x00B5F6D1+980689]
	Ordinal0 [0x00AE765F+489055]
	Ordinal0 [0x00AE02B5+459445]
	Ordinal0 [0x00ADFEA4+458404]
	Ordinal0 [0x00ADFA1D+457245]
	Ordinal0 [0x00ADF21D+455197]
	Ordinal0 [0x00ADEDE4+454116]
	Ordinal0 [0x00ADEDA5+454053]
	Ordinal0 [0x00ADBAE2+441058]
	Ordinal0 [0x00ADED5C+453980]
	Ordinal0 [0x00ADEC44+453700]
	Ordinal0 [0x00AE8330+492336]
	Ordinal0 [0x00A9A108+172296]
	Ordinal0 [0x00A9942D+169005]
	Ordinal0 [0x00A978EB+162027]
	Ordinal0 [0x00A80AC7+68295]
	Ordinal0 [0x00A81B40+72512]
	Ordinal0 [0x00A81AD9+72409]
	Ordinal0 [0x00B78F37+1085239]
	GetHandleVerifier [0x00C7D7ED+503293]
	GetHandleVerifier [0x00C7D580+502672]
	GetHandleVerifier [0x00C846AC+531644]
	GetHandleVerifier [0x00C7DFFA+505354]
	Ordinal0 [0x00B70606+1050118]
	Ordinal0 [0x00B7047F+1049727]
	Ordinal0 [0x00B7AF9B+1093531]
	Ordinal0 [0x00B7B103+1093891]
	Ordinal0 [0x00B7A095+1089685]
	BaseThreadInitThunk [0x755C8494+36]
	RtlAreBitsSet [0x77DE41C8+136]
	RtlAreBitsSet [0x77DE4198+88]

	at org.openqa.selenium.remote.W3CHandshakeResponse.lambda$errorHandler$0(W3CHandshakeResponse.java:62)
	at org.openqa.selenium.remote.HandshakeResponse.lambda$getResponseFunction$0(HandshakeResponse.java:30)
	at org.openqa.selenium.remote.ProtocolHandshake.lambda$createSession$0(ProtocolHandshake.java:126)
	at java.util.stream.ReferencePipeline$3$1.accept(ReferencePipeline.java:193)
	at java.util.Spliterators$ArraySpliterator.tryAdvance(Spliterators.java:958)
	at java.util.stream.ReferencePipeline.forEachWithCancel(ReferencePipeline.java:126)
	at java.util.stream.AbstractPipeline.copyIntoWithCancel(AbstractPipeline.java:498)
	at java.util.stream.AbstractPipeline.copyInto(AbstractPipeline.java:485)
	at java.util.stream.AbstractPipeline.wrapAndCopyInto(AbstractPipeline.java:471)
	at java.util.stream.FindOps$FindOp.evaluateSequential(FindOps.java:152)
	at java.util.stream.AbstractPipeline.evaluate(AbstractPipeline.java:234)
	at java.util.stream.ReferencePipeline.findFirst(ReferencePipeline.java:464)
	at org.openqa.selenium.remote.ProtocolHandshake.createSession(ProtocolHandshake.java:128)
	at org.openqa.selenium.remote.ProtocolHandshake.createSession(ProtocolHandshake.java:74)
	at org.openqa.selenium.remote.HttpCommandExecutor.execute(HttpCommandExecutor.java:136)
	at org.openqa.selenium.remote.service.DriverCommandExecutor.execute(DriverCommandExecutor.java:83)
	at org.openqa.selenium.remote.RemoteWebDriver.execute(RemoteWebDriver.java:552)
	at org.openqa.selenium.remote.RemoteWebDriver.startSession(RemoteWebDriver.java:213)
	at org.openqa.selenium.remote.RemoteWebDriver.&lt;init&gt;(RemoteWebDriver.java:131)
	at org.openqa.selenium.chrome.ChromeDriver.&lt;init&gt;(ChromeDriver.java:181)
	at org.openqa.selenium.chrome.ChromeDriver.&lt;init&gt;(ChromeDriver.java:168)
	at org.openqa.selenium.chrome.ChromeDriver.&lt;init&gt;(ChromeDriver.java:123)
	at com.nopcommerce.demo.browserselector.BrowserSelector.selectBrowser(BrowserSelector.java:17)
	at com.nopcommerce.demo.testbase.TestBase.setUP(TestBase.java:16)
... Removed 37 stack frames</div></td></tr></table><p class="totop"><a href="#summary">back to summary</a></p>
<h3 id="m21">com.nopcommerce.demo.testsuite.ItemPageTest#userShouldNavigateToItemPage</h3><table class="result"><tr><th>Exception</th></tr><tr><td><div class="stacktrace">org.openqa.selenium.SessionNotCreatedException: session not created
from disconnected: received Inspector.detached event
  (Session info: chrome=77.0.3865.120)
Build info: version: &apos;3.141.59&apos;, revision: &apos;e82be7d358&apos;, time: &apos;2018-11-14T08:17:03&apos;
System info: host: &apos;DAXESH&apos;, ip: &apos;172.17.16.191&apos;, os.name: &apos;Windows 10&apos;, os.arch: &apos;amd64&apos;, os.version: &apos;10.0&apos;, java.version: &apos;1.8.0_152&apos;
Driver info: driver.version: ChromeDriver
remote stacktrace: Backtrace:
	Ordinal0 [0x00BDEB13+1501971]
	Ordinal0 [0x00B5F6D1+980689]
	Ordinal0 [0x00AE765F+489055]
	Ordinal0 [0x00AE02B5+459445]
	Ordinal0 [0x00ADFEA4+458404]
	Ordinal0 [0x00ADFA1D+457245]
	Ordinal0 [0x00ADF21D+455197]
	Ordinal0 [0x00ADEDE4+454116]
	Ordinal0 [0x00ADEDA5+454053]
	Ordinal0 [0x00ADBAE2+441058]
	Ordinal0 [0x00ADED5C+453980]
	Ordinal0 [0x00ADEC44+453700]
	Ordinal0 [0x00AE8330+492336]
	Ordinal0 [0x00A9A108+172296]
	Ordinal0 [0x00A9942D+169005]
	Ordinal0 [0x00A978EB+162027]
	Ordinal0 [0x00A80AC7+68295]
	Ordinal0 [0x00A81B40+72512]
	Ordinal0 [0x00A81AD9+72409]
	Ordinal0 [0x00B78F37+1085239]
	GetHandleVerifier [0x00C7D7ED+503293]
	GetHandleVerifier [0x00C7D580+502672]
	GetHandleVerifier [0x00C846AC+531644]
	GetHandleVerifier [0x00C7DFFA+505354]
	Ordinal0 [0x00B70606+1050118]
	Ordinal0 [0x00B7047F+1049727]
	Ordinal0 [0x00B7AF9B+1093531]
	Ordinal0 [0x00B7B103+1093891]
	Ordinal0 [0x00B7A095+1089685]
	BaseThreadInitThunk [0x755C8494+36]
	RtlAreBitsSet [0x77DE41C8+136]
	RtlAreBitsSet [0x77DE4198+88]

	at org.openqa.selenium.remote.W3CHandshakeResponse.lambda$errorHandler$0(W3CHandshakeResponse.java:62)
	at org.openqa.selenium.remote.HandshakeResponse.lambda$getResponseFunction$0(HandshakeResponse.java:30)
	at org.openqa.selenium.remote.ProtocolHandshake.lambda$createSession$0(ProtocolHandshake.java:126)
	at java.util.stream.ReferencePipeline$3$1.accept(ReferencePipeline.java:193)
	at java.util.Spliterators$ArraySpliterator.tryAdvance(Spliterators.java:958)
	at java.util.stream.ReferencePipeline.forEachWithCancel(ReferencePipeline.java:126)
	at java.util.stream.AbstractPipeline.copyIntoWithCancel(AbstractPipeline.java:498)
	at java.util.stream.AbstractPipeline.copyInto(AbstractPipeline.java:485)
	at java.util.stream.AbstractPipeline.wrapAndCopyInto(AbstractPipeline.java:471)
	at java.util.stream.FindOps$FindOp.evaluateSequential(FindOps.java:152)
	at java.util.stream.AbstractPipeline.evaluate(AbstractPipeline.java:234)
	at java.util.stream.ReferencePipeline.findFirst(ReferencePipeline.java:464)
	at org.openqa.selenium.remote.ProtocolHandshake.createSession(ProtocolHandshake.java:128)
	at org.openqa.selenium.remote.ProtocolHandshake.createSession(ProtocolHandshake.java:74)
	at org.openqa.selenium.remote.HttpCommandExecutor.execute(HttpCommandExecutor.java:136)
	at org.openqa.selenium.remote.service.DriverCommandExecutor.execute(DriverCommandExecutor.java:83)
	at org.openqa.selenium.remote.RemoteWebDriver.execute(RemoteWebDriver.java:552)
	at org.openqa.selenium.remote.RemoteWebDriver.startSession(RemoteWebDriver.java:213)
	at org.openqa.selenium.remote.RemoteWebDriver.&lt;init&gt;(RemoteWebDriver.java:131)
	at org.openqa.selenium.chrome.ChromeDriver.&lt;init&gt;(ChromeDriver.java:181)
	at org.openqa.selenium.chrome.ChromeDriver.&lt;init&gt;(ChromeDriver.java:168)
	at org.openqa.selenium.chrome.ChromeDriver.&lt;init&gt;(ChromeDriver.java:123)
	at com.nopcommerce.demo.browserselector.BrowserSelector.selectBrowser(BrowserSelector.java:17)
	at com.nopcommerce.demo.testbase.TestBase.setUP(TestBase.java:16)
... Removed 37 stack frames</div></td></tr></table><p class="totop"><a href="#summary">back to summary</a></p>
<h3 id="m22">com.nopcommerce.demo.testsuite.RegisterPageTest#userShouldNavigateToRegisterPageSuccessfully</h3><table class="result"><tr><th>Exception</th></tr><tr><td><div class="stacktrace">org.openqa.selenium.SessionNotCreatedException: session not created
from disconnected: received Inspector.detached event
  (Session info: chrome=77.0.3865.120)
Build info: version: &apos;3.141.59&apos;, revision: &apos;e82be7d358&apos;, time: &apos;2018-11-14T08:17:03&apos;
System info: host: &apos;DAXESH&apos;, ip: &apos;172.17.16.191&apos;, os.name: &apos;Windows 10&apos;, os.arch: &apos;amd64&apos;, os.version: &apos;10.0&apos;, java.version: &apos;1.8.0_152&apos;
Driver info: driver.version: ChromeDriver
remote stacktrace: Backtrace:
	Ordinal0 [0x00BDEB13+1501971]
	Ordinal0 [0x00B5F6D1+980689]
	Ordinal0 [0x00AE765F+489055]
	Ordinal0 [0x00AE02B5+459445]
	Ordinal0 [0x00ADFEA4+458404]
	Ordinal0 [0x00ADFA1D+457245]
	Ordinal0 [0x00ADF21D+455197]
	Ordinal0 [0x00ADEDE4+454116]
	Ordinal0 [0x00ADEDA5+454053]
	Ordinal0 [0x00AE374D+472909]
	Ordinal0 [0x00ADED5C+453980]
	Ordinal0 [0x00ADF6D1+456401]
	Ordinal0 [0x00ADF21D+455197]
	Ordinal0 [0x00ADEDE4+454116]
	Ordinal0 [0x00ADEDA5+454053]
	Ordinal0 [0x00AE2C67+470119]
	Ordinal0 [0x00ADED5C+453980]
	Ordinal0 [0x00ADF6D1+456401]
	Ordinal0 [0x00ADF21D+455197]
	Ordinal0 [0x00ADEDE4+454116]
	Ordinal0 [0x00ADEDA5+454053]
	Ordinal0 [0x00ADBA0C+440844]
	Ordinal0 [0x00ADED5C+453980]
	Ordinal0 [0x00ADEC44+453700]
	Ordinal0 [0x00AE8330+492336]
	Ordinal0 [0x00A9A108+172296]
	Ordinal0 [0x00A9942D+169005]
	Ordinal0 [0x00A978EB+162027]
	Ordinal0 [0x00A80AC7+68295]
	Ordinal0 [0x00A81B40+72512]
	Ordinal0 [0x00A81AD9+72409]
	Ordinal0 [0x00B78F37+1085239]
	GetHandleVerifier [0x00C7D7ED+503293]
	GetHandleVerifier [0x00C7D580+502672]
	GetHandleVerifier [0x00C846AC+531644]
	GetHandleVerifier [0x00C7DFFA+505354]
	Ordinal0 [0x00B70606+1050118]
	Ordinal0 [0x00B7047F+1049727]
	Ordinal0 [0x00B7AF9B+1093531]
	Ordinal0 [0x00B7B103+1093891]
	Ordinal0 [0x00B7A095+1089685]
	BaseThreadInitThunk [0x755C8494+36]
	RtlAreBitsSet [0x77DE41C8+136]
	RtlAreBitsSet [0x77DE4198+88]

	at org.openqa.selenium.remote.W3CHandshakeResponse.lambda$errorHandler$0(W3CHandshakeResponse.java:62)
	at org.openqa.selenium.remote.HandshakeResponse.lambda$getResponseFunction$0(HandshakeResponse.java:30)
	at org.openqa.selenium.remote.ProtocolHandshake.lambda$createSession$0(ProtocolHandshake.java:126)
	at java.util.stream.ReferencePipeline$3$1.accept(ReferencePipeline.java:193)
	at java.util.Spliterators$ArraySpliterator.tryAdvance(Spliterators.java:958)
	at java.util.stream.ReferencePipeline.forEachWithCancel(ReferencePipeline.java:126)
	at java.util.stream.AbstractPipeline.copyIntoWithCancel(AbstractPipeline.java:498)
	at java.util.stream.AbstractPipeline.copyInto(AbstractPipeline.java:485)
	at java.util.stream.AbstractPipeline.wrapAndCopyInto(AbstractPipeline.java:471)
	at java.util.stream.FindOps$FindOp.evaluateSequential(FindOps.java:152)
	at java.util.stream.AbstractPipeline.evaluate(AbstractPipeline.java:234)
	at java.util.stream.ReferencePipeline.findFirst(ReferencePipeline.java:464)
	at org.openqa.selenium.remote.ProtocolHandshake.createSession(ProtocolHandshake.java:128)
	at org.openqa.selenium.remote.ProtocolHandshake.createSession(ProtocolHandshake.java:74)
	at org.openqa.selenium.remote.HttpCommandExecutor.execute(HttpCommandExecutor.java:136)
	at org.openqa.selenium.remote.service.DriverCommandExecutor.execute(DriverCommandExecutor.java:83)
	at org.openqa.selenium.remote.RemoteWebDriver.execute(RemoteWebDriver.java:552)
	at org.openqa.selenium.remote.RemoteWebDriver.startSession(RemoteWebDriver.java:213)
	at org.openqa.selenium.remote.RemoteWebDriver.&lt;init&gt;(RemoteWebDriver.java:131)
	at org.openqa.selenium.chrome.ChromeDriver.&lt;init&gt;(ChromeDriver.java:181)
	at org.openqa.selenium.chrome.ChromeDriver.&lt;init&gt;(ChromeDriver.java:168)
	at org.openqa.selenium.chrome.ChromeDriver.&lt;init&gt;(ChromeDriver.java:123)
	at com.nopcommerce.demo.browserselector.BrowserSelector.selectBrowser(BrowserSelector.java:17)
	at com.nopcommerce.demo.testbase.TestBase.setUP(TestBase.java:16)
... Removed 37 stack frames</div></td></tr></table><p class="totop"><a href="#summary">back to summary</a></p>
<h3 id="m23">com.nopcommerce.demo.testsuite.RegisterPageTest#userShouldRegisterOnNopCommerceApplication</h3><table class="result"><tr><th>Exception</th></tr><tr><td><div class="stacktrace">org.openqa.selenium.SessionNotCreatedException: session not created
from disconnected: received Inspector.detached event
  (Session info: chrome=77.0.3865.120)
Build info: version: &apos;3.141.59&apos;, revision: &apos;e82be7d358&apos;, time: &apos;2018-11-14T08:17:03&apos;
System info: host: &apos;DAXESH&apos;, ip: &apos;172.17.16.191&apos;, os.name: &apos;Windows 10&apos;, os.arch: &apos;amd64&apos;, os.version: &apos;10.0&apos;, java.version: &apos;1.8.0_152&apos;
Driver info: driver.version: ChromeDriver
remote stacktrace: Backtrace:
	Ordinal0 [0x00BDEB13+1501971]
	Ordinal0 [0x00B5F6D1+980689]
	Ordinal0 [0x00AE765F+489055]
	Ordinal0 [0x00AE02B5+459445]
	Ordinal0 [0x00ADFEA4+458404]
	Ordinal0 [0x00ADFA1D+457245]
	Ordinal0 [0x00ADF21D+455197]
	Ordinal0 [0x00ADEDE4+454116]
	Ordinal0 [0x00ADEDA5+454053]
	Ordinal0 [0x00AE374D+472909]
	Ordinal0 [0x00ADED5C+453980]
	Ordinal0 [0x00ADF6D1+456401]
	Ordinal0 [0x00ADF21D+455197]
	Ordinal0 [0x00ADEDE4+454116]
	Ordinal0 [0x00ADEDA5+454053]
	Ordinal0 [0x00AE2C67+470119]
	Ordinal0 [0x00ADED5C+453980]
	Ordinal0 [0x00ADF6D1+456401]
	Ordinal0 [0x00ADF21D+455197]
	Ordinal0 [0x00ADEDE4+454116]
	Ordinal0 [0x00ADEDA5+454053]
	Ordinal0 [0x00ADBA0C+440844]
	Ordinal0 [0x00ADED5C+453980]
	Ordinal0 [0x00ADEC44+453700]
	Ordinal0 [0x00AE8330+492336]
	Ordinal0 [0x00A9A108+172296]
	Ordinal0 [0x00A9942D+169005]
	Ordinal0 [0x00A978EB+162027]
	Ordinal0 [0x00A80AC7+68295]
	Ordinal0 [0x00A81B40+72512]
	Ordinal0 [0x00A81AD9+72409]
	Ordinal0 [0x00B78F37+1085239]
	GetHandleVerifier [0x00C7D7ED+503293]
	GetHandleVerifier [0x00C7D580+502672]
	GetHandleVerifier [0x00C846AC+531644]
	GetHandleVerifier [0x00C7DFFA+505354]
	Ordinal0 [0x00B70606+1050118]
	Ordinal0 [0x00B7047F+1049727]
	Ordinal0 [0x00B7AF9B+1093531]
	Ordinal0 [0x00B7B103+1093891]
	Ordinal0 [0x00B7A095+1089685]
	BaseThreadInitThunk [0x755C8494+36]
	RtlAreBitsSet [0x77DE41C8+136]
	RtlAreBitsSet [0x77DE4198+88]

	at org.openqa.selenium.remote.W3CHandshakeResponse.lambda$errorHandler$0(W3CHandshakeResponse.java:62)
	at org.openqa.selenium.remote.HandshakeResponse.lambda$getResponseFunction$0(HandshakeResponse.java:30)
	at org.openqa.selenium.remote.ProtocolHandshake.lambda$createSession$0(ProtocolHandshake.java:126)
	at java.util.stream.ReferencePipeline$3$1.accept(ReferencePipeline.java:193)
	at java.util.Spliterators$ArraySpliterator.tryAdvance(Spliterators.java:958)
	at java.util.stream.ReferencePipeline.forEachWithCancel(ReferencePipeline.java:126)
	at java.util.stream.AbstractPipeline.copyIntoWithCancel(AbstractPipeline.java:498)
	at java.util.stream.AbstractPipeline.copyInto(AbstractPipeline.java:485)
	at java.util.stream.AbstractPipeline.wrapAndCopyInto(AbstractPipeline.java:471)
	at java.util.stream.FindOps$FindOp.evaluateSequential(FindOps.java:152)
	at java.util.stream.AbstractPipeline.evaluate(AbstractPipeline.java:234)
	at java.util.stream.ReferencePipeline.findFirst(ReferencePipeline.java:464)
	at org.openqa.selenium.remote.ProtocolHandshake.createSession(ProtocolHandshake.java:128)
	at org.openqa.selenium.remote.ProtocolHandshake.createSession(ProtocolHandshake.java:74)
	at org.openqa.selenium.remote.HttpCommandExecutor.execute(HttpCommandExecutor.java:136)
	at org.openqa.selenium.remote.service.DriverCommandExecutor.execute(DriverCommandExecutor.java:83)
	at org.openqa.selenium.remote.RemoteWebDriver.execute(RemoteWebDriver.java:552)
	at org.openqa.selenium.remote.RemoteWebDriver.startSession(RemoteWebDriver.java:213)
	at org.openqa.selenium.remote.RemoteWebDriver.&lt;init&gt;(RemoteWebDriver.java:131)
	at org.openqa.selenium.chrome.ChromeDriver.&lt;init&gt;(ChromeDriver.java:181)
	at org.openqa.selenium.chrome.ChromeDriver.&lt;init&gt;(ChromeDriver.java:168)
	at org.openqa.selenium.chrome.ChromeDriver.&lt;init&gt;(ChromeDriver.java:123)
	at com.nopcommerce.demo.browserselector.BrowserSelector.selectBrowser(BrowserSelector.java:17)
	at com.nopcommerce.demo.testbase.TestBase.setUP(TestBase.java:16)
... Removed 37 stack frames</div></td></tr></table><p class="totop"><a href="#summary">back to summary</a></p>
</body>
</html>
