<?xml version="1.0" encoding="UTF-8"?>
<!-- Generated by org.testng.reporters.JUnitXMLReporter -->
<testsuite hostname="Daxesh" ignored="0" name="Surefire test" tests="8" failures="0" timestamp="26 Oct 2019 13:54:34 GMT" time="66.146" errors="0">
  <testcase name="@BeforeMethod setUP" time="30.47" classname="com.nopcommerce.demo.testbase.TestBase">
    <failure type="org.openqa.selenium.WebDriverException" message="unknown error: cannot determine loading status
from disconnected: received Inspector.detached event
  (Session info: chrome=77.0.3865.120)
Build info: version: &amp;apos;3.141.59&amp;apos;, revision: &amp;apos;e82be7d358&amp;apos;, time: &amp;apos;2018-11-14T08:17:03&amp;apos;
System info: host: &amp;apos;DAXESH&amp;apos;, ip: &amp;apos;172.17.16.191&amp;apos;, os.name: &amp;apos;Windows 10&amp;apos;, os.arch: &amp;apos;amd64&amp;apos;, os.version: &amp;apos;10.0&amp;apos;, java.version: &amp;apos;1.8.0_152&amp;apos;
Driver info: org.openqa.selenium.chrome.ChromeDriver
Capabilities {acceptInsecureCerts: false, browserName: chrome, browserVersion: 77.0.3865.120, chrome: {chromedriverVersion: 77.0.3865.40 (f484704e052e0..., userDataDir: C:\Users\Samsung\AppData\Lo...}, goog:chromeOptions: {debuggerAddress: localhost:55312}, javascriptEnabled: true, networkConnectionEnabled: false, pageLoadStrategy: normal, platform: XP, platformName: XP, proxy: Proxy(), setWindowRect: true, strictFileInteractability: false, timeouts: {implicit: 0, pageLoad: 300000, script: 30000}, unhandledPromptBehavior: dismiss and notify}
Session ID: f7dffa7b1dac702d1af65dbe6bd3cb57">
      <![CDATA[org.openqa.selenium.WebDriverException: unknown error: cannot determine loading status
from disconnected: received Inspector.detached event
  (Session info: chrome=77.0.3865.120)
Build info: version: '3.141.59', revision: 'e82be7d358', time: '2018-11-14T08:17:03'
System info: host: 'DAXESH', ip: '172.17.16.191', os.name: 'Windows 10', os.arch: 'amd64', os.version: '10.0', java.version: '1.8.0_152'
Driver info: org.openqa.selenium.chrome.ChromeDriver
Capabilities {acceptInsecureCerts: false, browserName: chrome, browserVersion: 77.0.3865.120, chrome: {chromedriverVersion: 77.0.3865.40 (f484704e052e0..., userDataDir: C:\Users\Samsung\AppData\Lo...}, goog:chromeOptions: {debuggerAddress: localhost:55312}, javascriptEnabled: true, networkConnectionEnabled: false, pageLoadStrategy: normal, platform: XP, platformName: XP, proxy: Proxy(), setWindowRect: true, strictFileInteractability: false, timeouts: {implicit: 0, pageLoad: 300000, script: 30000}, unhandledPromptBehavior: dismiss and notify}
Session ID: f7dffa7b1dac702d1af65dbe6bd3cb57
at org.openqa.selenium.remote.http.W3CHttpResponseCodec.createException(W3CHttpResponseCodec.java:187)
at org.openqa.selenium.remote.http.W3CHttpResponseCodec.decode(W3CHttpResponseCodec.java:122)
at org.openqa.selenium.remote.http.W3CHttpResponseCodec.decode(W3CHttpResponseCodec.java:49)
at org.openqa.selenium.remote.HttpCommandExecutor.execute(HttpCommandExecutor.java:158)
at org.openqa.selenium.remote.service.DriverCommandExecutor.execute(DriverCommandExecutor.java:83)
at org.openqa.selenium.remote.RemoteWebDriver.execute(RemoteWebDriver.java:552)
at org.openqa.selenium.remote.RemoteWebDriver.get(RemoteWebDriver.java:277)
at com.nopcommerce.demo.browserselector.BrowserSelector.selectBrowser(BrowserSelector.java:18)
at com.nopcommerce.demo.testbase.TestBase.setUP(TestBase.java:16)
... Removed 37 stack frames]]>
    </failure>
  </testcase> <!-- @BeforeMethod setUP -->
  <testcase name="@AfterMethod tearDown" time="0.0" classname="com.nopcommerce.demo.testbase.TestBase">
    <skipped/>
  </testcase> <!-- @AfterMethod tearDown -->
  <testcase name="@BeforeMethod setUP" time="15.673" classname="com.nopcommerce.demo.testbase.TestBase">
    <failure type="org.openqa.selenium.NoSuchWindowException" message="no such window: target window already closed
from unknown error: web view not found
  (Session info: chrome=77.0.3865.120)
Build info: version: &amp;apos;3.141.59&amp;apos;, revision: &amp;apos;e82be7d358&amp;apos;, time: &amp;apos;2018-11-14T08:17:03&amp;apos;
System info: host: &amp;apos;DAXESH&amp;apos;, ip: &amp;apos;172.17.16.191&amp;apos;, os.name: &amp;apos;Windows 10&amp;apos;, os.arch: &amp;apos;amd64&amp;apos;, os.version: &amp;apos;10.0&amp;apos;, java.version: &amp;apos;1.8.0_152&amp;apos;
Driver info: org.openqa.selenium.chrome.ChromeDriver
Capabilities {acceptInsecureCerts: false, browserName: chrome, browserVersion: 77.0.3865.120, chrome: {chromedriverVersion: 77.0.3865.40 (f484704e052e0..., userDataDir: C:\Users\Samsung\AppData\Lo...}, goog:chromeOptions: {debuggerAddress: localhost:55332}, javascriptEnabled: true, networkConnectionEnabled: false, pageLoadStrategy: normal, platform: XP, platformName: XP, proxy: Proxy(), setWindowRect: true, strictFileInteractability: false, timeouts: {implicit: 0, pageLoad: 300000, script: 30000}, unhandledPromptBehavior: dismiss and notify}
Session ID: e787e9f392b3791388ee12067857bf2d">
      <![CDATA[org.openqa.selenium.NoSuchWindowException: no such window: target window already closed
from unknown error: web view not found
  (Session info: chrome=77.0.3865.120)
Build info: version: '3.141.59', revision: 'e82be7d358', time: '2018-11-14T08:17:03'
System info: host: 'DAXESH', ip: '172.17.16.191', os.name: 'Windows 10', os.arch: 'amd64', os.version: '10.0', java.version: '1.8.0_152'
Driver info: org.openqa.selenium.chrome.ChromeDriver
Capabilities {acceptInsecureCerts: false, browserName: chrome, browserVersion: 77.0.3865.120, chrome: {chromedriverVersion: 77.0.3865.40 (f484704e052e0..., userDataDir: C:\Users\Samsung\AppData\Lo...}, goog:chromeOptions: {debuggerAddress: localhost:55332}, javascriptEnabled: true, networkConnectionEnabled: false, pageLoadStrategy: normal, platform: XP, platformName: XP, proxy: Proxy(), setWindowRect: true, strictFileInteractability: false, timeouts: {implicit: 0, pageLoad: 300000, script: 30000}, unhandledPromptBehavior: dismiss and notify}
Session ID: e787e9f392b3791388ee12067857bf2d
at org.openqa.selenium.remote.http.W3CHttpResponseCodec.createException(W3CHttpResponseCodec.java:187)
at org.openqa.selenium.remote.http.W3CHttpResponseCodec.decode(W3CHttpResponseCodec.java:122)
at org.openqa.selenium.remote.http.W3CHttpResponseCodec.decode(W3CHttpResponseCodec.java:49)
at org.openqa.selenium.remote.HttpCommandExecutor.execute(HttpCommandExecutor.java:158)
at org.openqa.selenium.remote.service.DriverCommandExecutor.execute(DriverCommandExecutor.java:83)
at org.openqa.selenium.remote.RemoteWebDriver.execute(RemoteWebDriver.java:552)
at org.openqa.selenium.remote.RemoteWebDriver.execute(RemoteWebDriver.java:609)
at org.openqa.selenium.remote.RemoteWebDriver$RemoteWebDriverOptions$RemoteWindow.maximize(RemoteWebDriver.java:837)
at com.nopcommerce.demo.browserselector.BrowserSelector.selectBrowser(BrowserSelector.java:19)
at com.nopcommerce.demo.testbase.TestBase.setUP(TestBase.java:16)
... Removed 37 stack frames]]>
    </failure>
  </testcase> <!-- @BeforeMethod setUP -->
  <testcase name="@AfterMethod tearDown" time="0.0" classname="com.nopcommerce.demo.testbase.TestBase">
    <skipped/>
  </testcase> <!-- @AfterMethod tearDown -->
  <testcase name="@BeforeMethod setUP" time="0.0" classname="com.nopcommerce.demo.testbase.TestBase">
    <skipped/>
  </testcase> <!-- @BeforeMethod setUP -->
  <testcase name="@AfterMethod tearDown" time="0.0" classname="com.nopcommerce.demo.testbase.TestBase">
    <skipped/>
  </testcase> <!-- @AfterMethod tearDown -->
  <testcase name="@BeforeMethod setUP" time="7.22" classname="com.nopcommerce.demo.testbase.TestBase">
    <failure type="org.openqa.selenium.SessionNotCreatedException" message="session not created
from disconnected: received Inspector.detached event
  (Session info: chrome=77.0.3865.120)
Build info: version: &amp;apos;3.141.59&amp;apos;, revision: &amp;apos;e82be7d358&amp;apos;, time: &amp;apos;2018-11-14T08:17:03&amp;apos;
System info: host: &amp;apos;DAXESH&amp;apos;, ip: &amp;apos;172.17.16.191&amp;apos;, os.name: &amp;apos;Windows 10&amp;apos;, os.arch: &amp;apos;amd64&amp;apos;, os.version: &amp;apos;10.0&amp;apos;, java.version: &amp;apos;1.8.0_152&amp;apos;
Driver info: driver.version: ChromeDriver
remote stacktrace: Backtrace:
	Ordinal0 [0x00BDEB13+1501971]
	Ordinal0 [0x00B5F6D1+980689]
	Ordinal0 [0x00AE765F+489055]
	Ordinal0 [0x00AE02B5+459445]
	Ordinal0 [0x00ADFEA4+458404]
	Ordinal0 [0x00ADFA1D+457245]
	Ordinal0 [0x00ADF21D+455197]
	Ordinal0 [0x00ADEDE4+454116]
	Ordinal0 [0x00ADEDA5+454053]
	Ordinal0 [0x00ADBAE2+441058]
	Ordinal0 [0x00ADED5C+453980]
	Ordinal0 [0x00ADEC44+453700]
	Ordinal0 [0x00AE8330+492336]
	Ordinal0 [0x00A9A108+172296]
	Ordinal0 [0x00A9942D+169005]
	Ordinal0 [0x00A978EB+162027]
	Ordinal0 [0x00A80AC7+68295]
	Ordinal0 [0x00A81B40+72512]
	Ordinal0 [0x00A81AD9+72409]
	Ordinal0 [0x00B78F37+1085239]
	GetHandleVerifier [0x00C7D7ED+503293]
	GetHandleVerifier [0x00C7D580+502672]
	GetHandleVerifier [0x00C846AC+531644]
	GetHandleVerifier [0x00C7DFFA+505354]
	Ordinal0 [0x00B70606+1050118]
	Ordinal0 [0x00B7047F+1049727]
	Ordinal0 [0x00B7AF9B+1093531]
	Ordinal0 [0x00B7B103+1093891]
	Ordinal0 [0x00B7A095+1089685]
	BaseThreadInitThunk [0x755C8494+36]
	RtlAreBitsSet [0x77DE41C8+136]
	RtlAreBitsSet [0x77DE4198+88]
">
      <![CDATA[org.openqa.selenium.SessionNotCreatedException: session not created
from disconnected: received Inspector.detached event
  (Session info: chrome=77.0.3865.120)
Build info: version: '3.141.59', revision: 'e82be7d358', time: '2018-11-14T08:17:03'
System info: host: 'DAXESH', ip: '172.17.16.191', os.name: 'Windows 10', os.arch: 'amd64', os.version: '10.0', java.version: '1.8.0_152'
Driver info: driver.version: ChromeDriver
remote stacktrace: Backtrace:
Ordinal0 [0x00BDEB13+1501971]
Ordinal0 [0x00B5F6D1+980689]
Ordinal0 [0x00AE765F+489055]
Ordinal0 [0x00AE02B5+459445]
Ordinal0 [0x00ADFEA4+458404]
Ordinal0 [0x00ADFA1D+457245]
Ordinal0 [0x00ADF21D+455197]
Ordinal0 [0x00ADEDE4+454116]
Ordinal0 [0x00ADEDA5+454053]
Ordinal0 [0x00ADBAE2+441058]
Ordinal0 [0x00ADED5C+453980]
Ordinal0 [0x00ADEC44+453700]
Ordinal0 [0x00AE8330+492336]
Ordinal0 [0x00A9A108+172296]
Ordinal0 [0x00A9942D+169005]
Ordinal0 [0x00A978EB+162027]
Ordinal0 [0x00A80AC7+68295]
Ordinal0 [0x00A81B40+72512]
Ordinal0 [0x00A81AD9+72409]
Ordinal0 [0x00B78F37+1085239]
GetHandleVerifier [0x00C7D7ED+503293]
GetHandleVerifier [0x00C7D580+502672]
GetHandleVerifier [0x00C846AC+531644]
GetHandleVerifier [0x00C7DFFA+505354]
Ordinal0 [0x00B70606+1050118]
Ordinal0 [0x00B7047F+1049727]
Ordinal0 [0x00B7AF9B+1093531]
Ordinal0 [0x00B7B103+1093891]
Ordinal0 [0x00B7A095+1089685]
BaseThreadInitThunk [0x755C8494+36]
RtlAreBitsSet [0x77DE41C8+136]
RtlAreBitsSet [0x77DE4198+88]

at org.openqa.selenium.remote.W3CHandshakeResponse.lambda$errorHandler$0(W3CHandshakeResponse.java:62)
at org.openqa.selenium.remote.HandshakeResponse.lambda$getResponseFunction$0(HandshakeResponse.java:30)
at org.openqa.selenium.remote.ProtocolHandshake.lambda$createSession$0(ProtocolHandshake.java:126)
at java.util.stream.ReferencePipeline$3$1.accept(ReferencePipeline.java:193)
at java.util.Spliterators$ArraySpliterator.tryAdvance(Spliterators.java:958)
at java.util.stream.ReferencePipeline.forEachWithCancel(ReferencePipeline.java:126)
at java.util.stream.AbstractPipeline.copyIntoWithCancel(AbstractPipeline.java:498)
at java.util.stream.AbstractPipeline.copyInto(AbstractPipeline.java:485)
at java.util.stream.AbstractPipeline.wrapAndCopyInto(AbstractPipeline.java:471)
at java.util.stream.FindOps$FindOp.evaluateSequential(FindOps.java:152)
at java.util.stream.AbstractPipeline.evaluate(AbstractPipeline.java:234)
at java.util.stream.ReferencePipeline.findFirst(ReferencePipeline.java:464)
at org.openqa.selenium.remote.ProtocolHandshake.createSession(ProtocolHandshake.java:128)
at org.openqa.selenium.remote.ProtocolHandshake.createSession(ProtocolHandshake.java:74)
at org.openqa.selenium.remote.HttpCommandExecutor.execute(HttpCommandExecutor.java:136)
at org.openqa.selenium.remote.service.DriverCommandExecutor.execute(DriverCommandExecutor.java:83)
at org.openqa.selenium.remote.RemoteWebDriver.execute(RemoteWebDriver.java:552)
at org.openqa.selenium.remote.RemoteWebDriver.startSession(RemoteWebDriver.java:213)
at org.openqa.selenium.remote.RemoteWebDriver.<init>(RemoteWebDriver.java:131)
at org.openqa.selenium.chrome.ChromeDriver.<init>(ChromeDriver.java:181)
at org.openqa.selenium.chrome.ChromeDriver.<init>(ChromeDriver.java:168)
at org.openqa.selenium.chrome.ChromeDriver.<init>(ChromeDriver.java:123)
at com.nopcommerce.demo.browserselector.BrowserSelector.selectBrowser(BrowserSelector.java:17)
at com.nopcommerce.demo.testbase.TestBase.setUP(TestBase.java:16)
... Removed 37 stack frames]]>
    </failure>
  </testcase> <!-- @BeforeMethod setUP -->
  <testcase name="@AfterMethod tearDown" time="0.0" classname="com.nopcommerce.demo.testbase.TestBase">
    <skipped/>
  </testcase> <!-- @AfterMethod tearDown -->
  <testcase name="@BeforeMethod setUP" time="5.906" classname="com.nopcommerce.demo.testbase.TestBase">
    <failure type="org.openqa.selenium.SessionNotCreatedException" message="session not created
from disconnected: received Inspector.detached event
  (Session info: chrome=77.0.3865.120)
Build info: version: &amp;apos;3.141.59&amp;apos;, revision: &amp;apos;e82be7d358&amp;apos;, time: &amp;apos;2018-11-14T08:17:03&amp;apos;
System info: host: &amp;apos;DAXESH&amp;apos;, ip: &amp;apos;172.17.16.191&amp;apos;, os.name: &amp;apos;Windows 10&amp;apos;, os.arch: &amp;apos;amd64&amp;apos;, os.version: &amp;apos;10.0&amp;apos;, java.version: &amp;apos;1.8.0_152&amp;apos;
Driver info: driver.version: ChromeDriver
remote stacktrace: Backtrace:
	Ordinal0 [0x00BDEB13+1501971]
	Ordinal0 [0x00B5F6D1+980689]
	Ordinal0 [0x00AE765F+489055]
	Ordinal0 [0x00AE02B5+459445]
	Ordinal0 [0x00ADFEA4+458404]
	Ordinal0 [0x00ADFA1D+457245]
	Ordinal0 [0x00ADF21D+455197]
	Ordinal0 [0x00ADEDE4+454116]
	Ordinal0 [0x00ADEDA5+454053]
	Ordinal0 [0x00ADBAE2+441058]
	Ordinal0 [0x00ADED5C+453980]
	Ordinal0 [0x00ADEC44+453700]
	Ordinal0 [0x00AE8330+492336]
	Ordinal0 [0x00A9A108+172296]
	Ordinal0 [0x00A9942D+169005]
	Ordinal0 [0x00A978EB+162027]
	Ordinal0 [0x00A80AC7+68295]
	Ordinal0 [0x00A81B40+72512]
	Ordinal0 [0x00A81AD9+72409]
	Ordinal0 [0x00B78F37+1085239]
	GetHandleVerifier [0x00C7D7ED+503293]
	GetHandleVerifier [0x00C7D580+502672]
	GetHandleVerifier [0x00C846AC+531644]
	GetHandleVerifier [0x00C7DFFA+505354]
	Ordinal0 [0x00B70606+1050118]
	Ordinal0 [0x00B7047F+1049727]
	Ordinal0 [0x00B7AF9B+1093531]
	Ordinal0 [0x00B7B103+1093891]
	Ordinal0 [0x00B7A095+1089685]
	BaseThreadInitThunk [0x755C8494+36]
	RtlAreBitsSet [0x77DE41C8+136]
	RtlAreBitsSet [0x77DE4198+88]
">
      <![CDATA[org.openqa.selenium.SessionNotCreatedException: session not created
from disconnected: received Inspector.detached event
  (Session info: chrome=77.0.3865.120)
Build info: version: '3.141.59', revision: 'e82be7d358', time: '2018-11-14T08:17:03'
System info: host: 'DAXESH', ip: '172.17.16.191', os.name: 'Windows 10', os.arch: 'amd64', os.version: '10.0', java.version: '1.8.0_152'
Driver info: driver.version: ChromeDriver
remote stacktrace: Backtrace:
Ordinal0 [0x00BDEB13+1501971]
Ordinal0 [0x00B5F6D1+980689]
Ordinal0 [0x00AE765F+489055]
Ordinal0 [0x00AE02B5+459445]
Ordinal0 [0x00ADFEA4+458404]
Ordinal0 [0x00ADFA1D+457245]
Ordinal0 [0x00ADF21D+455197]
Ordinal0 [0x00ADEDE4+454116]
Ordinal0 [0x00ADEDA5+454053]
Ordinal0 [0x00ADBAE2+441058]
Ordinal0 [0x00ADED5C+453980]
Ordinal0 [0x00ADEC44+453700]
Ordinal0 [0x00AE8330+492336]
Ordinal0 [0x00A9A108+172296]
Ordinal0 [0x00A9942D+169005]
Ordinal0 [0x00A978EB+162027]
Ordinal0 [0x00A80AC7+68295]
Ordinal0 [0x00A81B40+72512]
Ordinal0 [0x00A81AD9+72409]
Ordinal0 [0x00B78F37+1085239]
GetHandleVerifier [0x00C7D7ED+503293]
GetHandleVerifier [0x00C7D580+502672]
GetHandleVerifier [0x00C846AC+531644]
GetHandleVerifier [0x00C7DFFA+505354]
Ordinal0 [0x00B70606+1050118]
Ordinal0 [0x00B7047F+1049727]
Ordinal0 [0x00B7AF9B+1093531]
Ordinal0 [0x00B7B103+1093891]
Ordinal0 [0x00B7A095+1089685]
BaseThreadInitThunk [0x755C8494+36]
RtlAreBitsSet [0x77DE41C8+136]
RtlAreBitsSet [0x77DE4198+88]

at org.openqa.selenium.remote.W3CHandshakeResponse.lambda$errorHandler$0(W3CHandshakeResponse.java:62)
at org.openqa.selenium.remote.HandshakeResponse.lambda$getResponseFunction$0(HandshakeResponse.java:30)
at org.openqa.selenium.remote.ProtocolHandshake.lambda$createSession$0(ProtocolHandshake.java:126)
at java.util.stream.ReferencePipeline$3$1.accept(ReferencePipeline.java:193)
at java.util.Spliterators$ArraySpliterator.tryAdvance(Spliterators.java:958)
at java.util.stream.ReferencePipeline.forEachWithCancel(ReferencePipeline.java:126)
at java.util.stream.AbstractPipeline.copyIntoWithCancel(AbstractPipeline.java:498)
at java.util.stream.AbstractPipeline.copyInto(AbstractPipeline.java:485)
at java.util.stream.AbstractPipeline.wrapAndCopyInto(AbstractPipeline.java:471)
at java.util.stream.FindOps$FindOp.evaluateSequential(FindOps.java:152)
at java.util.stream.AbstractPipeline.evaluate(AbstractPipeline.java:234)
at java.util.stream.ReferencePipeline.findFirst(ReferencePipeline.java:464)
at org.openqa.selenium.remote.ProtocolHandshake.createSession(ProtocolHandshake.java:128)
at org.openqa.selenium.remote.ProtocolHandshake.createSession(ProtocolHandshake.java:74)
at org.openqa.selenium.remote.HttpCommandExecutor.execute(HttpCommandExecutor.java:136)
at org.openqa.selenium.remote.service.DriverCommandExecutor.execute(DriverCommandExecutor.java:83)
at org.openqa.selenium.remote.RemoteWebDriver.execute(RemoteWebDriver.java:552)
at org.openqa.selenium.remote.RemoteWebDriver.startSession(RemoteWebDriver.java:213)
at org.openqa.selenium.remote.RemoteWebDriver.<init>(RemoteWebDriver.java:131)
at org.openqa.selenium.chrome.ChromeDriver.<init>(ChromeDriver.java:181)
at org.openqa.selenium.chrome.ChromeDriver.<init>(ChromeDriver.java:168)
at org.openqa.selenium.chrome.ChromeDriver.<init>(ChromeDriver.java:123)
at com.nopcommerce.demo.browserselector.BrowserSelector.selectBrowser(BrowserSelector.java:17)
at com.nopcommerce.demo.testbase.TestBase.setUP(TestBase.java:16)
... Removed 37 stack frames]]>
    </failure>
  </testcase> <!-- @BeforeMethod setUP -->
  <testcase name="@AfterMethod tearDown" time="0.0" classname="com.nopcommerce.demo.testbase.TestBase">
    <skipped/>
  </testcase> <!-- @AfterMethod tearDown -->
  <testcase name="@BeforeMethod setUP" time="0.0" classname="com.nopcommerce.demo.testbase.TestBase">
    <skipped/>
  </testcase> <!-- @BeforeMethod setUP -->
  <testcase name="@AfterMethod tearDown" time="0.0" classname="com.nopcommerce.demo.testbase.TestBase">
    <skipped/>
  </testcase> <!-- @AfterMethod tearDown -->
  <testcase name="@BeforeMethod setUP" time="6.628" classname="com.nopcommerce.demo.testbase.TestBase">
    <failure type="org.openqa.selenium.SessionNotCreatedException" message="session not created
from disconnected: received Inspector.detached event
  (Session info: chrome=77.0.3865.120)
Build info: version: &amp;apos;3.141.59&amp;apos;, revision: &amp;apos;e82be7d358&amp;apos;, time: &amp;apos;2018-11-14T08:17:03&amp;apos;
System info: host: &amp;apos;DAXESH&amp;apos;, ip: &amp;apos;172.17.16.191&amp;apos;, os.name: &amp;apos;Windows 10&amp;apos;, os.arch: &amp;apos;amd64&amp;apos;, os.version: &amp;apos;10.0&amp;apos;, java.version: &amp;apos;1.8.0_152&amp;apos;
Driver info: driver.version: ChromeDriver
remote stacktrace: Backtrace:
	Ordinal0 [0x00BDEB13+1501971]
	Ordinal0 [0x00B5F6D1+980689]
	Ordinal0 [0x00AE765F+489055]
	Ordinal0 [0x00AE02B5+459445]
	Ordinal0 [0x00ADFEA4+458404]
	Ordinal0 [0x00ADFA1D+457245]
	Ordinal0 [0x00ADF21D+455197]
	Ordinal0 [0x00ADEDE4+454116]
	Ordinal0 [0x00ADEDA5+454053]
	Ordinal0 [0x00AE374D+472909]
	Ordinal0 [0x00ADED5C+453980]
	Ordinal0 [0x00ADF6D1+456401]
	Ordinal0 [0x00ADF21D+455197]
	Ordinal0 [0x00ADEDE4+454116]
	Ordinal0 [0x00ADEDA5+454053]
	Ordinal0 [0x00AE2C67+470119]
	Ordinal0 [0x00ADED5C+453980]
	Ordinal0 [0x00ADF6D1+456401]
	Ordinal0 [0x00ADF21D+455197]
	Ordinal0 [0x00ADEDE4+454116]
	Ordinal0 [0x00ADEDA5+454053]
	Ordinal0 [0x00ADBA0C+440844]
	Ordinal0 [0x00ADED5C+453980]
	Ordinal0 [0x00ADEC44+453700]
	Ordinal0 [0x00AE8330+492336]
	Ordinal0 [0x00A9A108+172296]
	Ordinal0 [0x00A9942D+169005]
	Ordinal0 [0x00A978EB+162027]
	Ordinal0 [0x00A80AC7+68295]
	Ordinal0 [0x00A81B40+72512]
	Ordinal0 [0x00A81AD9+72409]
	Ordinal0 [0x00B78F37+1085239]
	GetHandleVerifier [0x00C7D7ED+503293]
	GetHandleVerifier [0x00C7D580+502672]
	GetHandleVerifier [0x00C846AC+531644]
	GetHandleVerifier [0x00C7DFFA+505354]
	Ordinal0 [0x00B70606+1050118]
	Ordinal0 [0x00B7047F+1049727]
	Ordinal0 [0x00B7AF9B+1093531]
	Ordinal0 [0x00B7B103+1093891]
	Ordinal0 [0x00B7A095+1089685]
	BaseThreadInitThunk [0x755C8494+36]
	RtlAreBitsSet [0x77DE41C8+136]
	RtlAreBitsSet [0x77DE4198+88]
">
      <![CDATA[org.openqa.selenium.SessionNotCreatedException: session not created
from disconnected: received Inspector.detached event
  (Session info: chrome=77.0.3865.120)
Build info: version: '3.141.59', revision: 'e82be7d358', time: '2018-11-14T08:17:03'
System info: host: 'DAXESH', ip: '172.17.16.191', os.name: 'Windows 10', os.arch: 'amd64', os.version: '10.0', java.version: '1.8.0_152'
Driver info: driver.version: ChromeDriver
remote stacktrace: Backtrace:
Ordinal0 [0x00BDEB13+1501971]
Ordinal0 [0x00B5F6D1+980689]
Ordinal0 [0x00AE765F+489055]
Ordinal0 [0x00AE02B5+459445]
Ordinal0 [0x00ADFEA4+458404]
Ordinal0 [0x00ADFA1D+457245]
Ordinal0 [0x00ADF21D+455197]
Ordinal0 [0x00ADEDE4+454116]
Ordinal0 [0x00ADEDA5+454053]
Ordinal0 [0x00AE374D+472909]
Ordinal0 [0x00ADED5C+453980]
Ordinal0 [0x00ADF6D1+456401]
Ordinal0 [0x00ADF21D+455197]
Ordinal0 [0x00ADEDE4+454116]
Ordinal0 [0x00ADEDA5+454053]
Ordinal0 [0x00AE2C67+470119]
Ordinal0 [0x00ADED5C+453980]
Ordinal0 [0x00ADF6D1+456401]
Ordinal0 [0x00ADF21D+455197]
Ordinal0 [0x00ADEDE4+454116]
Ordinal0 [0x00ADEDA5+454053]
Ordinal0 [0x00ADBA0C+440844]
Ordinal0 [0x00ADED5C+453980]
Ordinal0 [0x00ADEC44+453700]
Ordinal0 [0x00AE8330+492336]
Ordinal0 [0x00A9A108+172296]
Ordinal0 [0x00A9942D+169005]
Ordinal0 [0x00A978EB+162027]
Ordinal0 [0x00A80AC7+68295]
Ordinal0 [0x00A81B40+72512]
Ordinal0 [0x00A81AD9+72409]
Ordinal0 [0x00B78F37+1085239]
GetHandleVerifier [0x00C7D7ED+503293]
GetHandleVerifier [0x00C7D580+502672]
GetHandleVerifier [0x00C846AC+531644]
GetHandleVerifier [0x00C7DFFA+505354]
Ordinal0 [0x00B70606+1050118]
Ordinal0 [0x00B7047F+1049727]
Ordinal0 [0x00B7AF9B+1093531]
Ordinal0 [0x00B7B103+1093891]
Ordinal0 [0x00B7A095+1089685]
BaseThreadInitThunk [0x755C8494+36]
RtlAreBitsSet [0x77DE41C8+136]
RtlAreBitsSet [0x77DE4198+88]

at org.openqa.selenium.remote.W3CHandshakeResponse.lambda$errorHandler$0(W3CHandshakeResponse.java:62)
at org.openqa.selenium.remote.HandshakeResponse.lambda$getResponseFunction$0(HandshakeResponse.java:30)
at org.openqa.selenium.remote.ProtocolHandshake.lambda$createSession$0(ProtocolHandshake.java:126)
at java.util.stream.ReferencePipeline$3$1.accept(ReferencePipeline.java:193)
at java.util.Spliterators$ArraySpliterator.tryAdvance(Spliterators.java:958)
at java.util.stream.ReferencePipeline.forEachWithCancel(ReferencePipeline.java:126)
at java.util.stream.AbstractPipeline.copyIntoWithCancel(AbstractPipeline.java:498)
at java.util.stream.AbstractPipeline.copyInto(AbstractPipeline.java:485)
at java.util.stream.AbstractPipeline.wrapAndCopyInto(AbstractPipeline.java:471)
at java.util.stream.FindOps$FindOp.evaluateSequential(FindOps.java:152)
at java.util.stream.AbstractPipeline.evaluate(AbstractPipeline.java:234)
at java.util.stream.ReferencePipeline.findFirst(ReferencePipeline.java:464)
at org.openqa.selenium.remote.ProtocolHandshake.createSession(ProtocolHandshake.java:128)
at org.openqa.selenium.remote.ProtocolHandshake.createSession(ProtocolHandshake.java:74)
at org.openqa.selenium.remote.HttpCommandExecutor.execute(HttpCommandExecutor.java:136)
at org.openqa.selenium.remote.service.DriverCommandExecutor.execute(DriverCommandExecutor.java:83)
at org.openqa.selenium.remote.RemoteWebDriver.execute(RemoteWebDriver.java:552)
at org.openqa.selenium.remote.RemoteWebDriver.startSession(RemoteWebDriver.java:213)
at org.openqa.selenium.remote.RemoteWebDriver.<init>(RemoteWebDriver.java:131)
at org.openqa.selenium.chrome.ChromeDriver.<init>(ChromeDriver.java:181)
at org.openqa.selenium.chrome.ChromeDriver.<init>(ChromeDriver.java:168)
at org.openqa.selenium.chrome.ChromeDriver.<init>(ChromeDriver.java:123)
at com.nopcommerce.demo.browserselector.BrowserSelector.selectBrowser(BrowserSelector.java:17)
at com.nopcommerce.demo.testbase.TestBase.setUP(TestBase.java:16)
... Removed 37 stack frames]]>
    </failure>
  </testcase> <!-- @BeforeMethod setUP -->
  <testcase name="@AfterMethod tearDown" time="0.0" classname="com.nopcommerce.demo.testbase.TestBase">
    <skipped/>
  </testcase> <!-- @AfterMethod tearDown -->
  <testcase name="@BeforeMethod setUP" time="0.0" classname="com.nopcommerce.demo.testbase.TestBase">
    <skipped/>
  </testcase> <!-- @BeforeMethod setUP -->
  <testcase name="@AfterMethod tearDown" time="0.0" classname="com.nopcommerce.demo.testbase.TestBase">
    <skipped/>
  </testcase> <!-- @AfterMethod tearDown -->
  <testcase name="userShouldNavigateToComputerPage" time="0.0" classname="com.nopcommerce.demo.testsuite.ComputerPageTest">
    <skipped/>
  </testcase> <!-- userShouldNavigateToComputerPage -->
  <testcase name="userShouldNavigateToDeskTopPage" time="0.0" classname="com.nopcommerce.demo.testsuite.DesktopPageTest">
    <skipped/>
  </testcase> <!-- userShouldNavigateToDeskTopPage -->
  <testcase name="userShouldPickItemFromDesktop" time="0.0" classname="com.nopcommerce.demo.testsuite.DesktopPageTest">
    <skipped/>
  </testcase> <!-- userShouldPickItemFromDesktop -->
  <testcase name="userShouldNavigateToHomePage" time="0.0" classname="com.nopcommerce.demo.testsuite.HomePageTest">
    <skipped/>
  </testcase> <!-- userShouldNavigateToHomePage -->
  <testcase name="userShouldAddItemToCart" time="0.0" classname="com.nopcommerce.demo.testsuite.ItemPageTest">
    <skipped/>
  </testcase> <!-- userShouldAddItemToCart -->
  <testcase name="userShouldNavigateToItemPage" time="0.0" classname="com.nopcommerce.demo.testsuite.ItemPageTest">
    <skipped/>
  </testcase> <!-- userShouldNavigateToItemPage -->
  <testcase name="userShouldNavigateToRegisterPageSuccessfully" time="0.0" classname="com.nopcommerce.demo.testsuite.RegisterPageTest">
    <skipped/>
  </testcase> <!-- userShouldNavigateToRegisterPageSuccessfully -->
  <testcase name="userShouldRegisterOnNopCommerceApplication" time="0.0" classname="com.nopcommerce.demo.testsuite.RegisterPageTest">
    <skipped/>
  </testcase> <!-- userShouldRegisterOnNopCommerceApplication -->
</testsuite> <!-- Surefire test -->
