<?xml version="1.0" encoding="UTF-8"?>
<!-- Generated by org.testng.reporters.JUnitReportReporter -->
<testsuite skipped="1" hostname="Daxesh" name="com.nopcommerce.demo.testsuite.HomePageTest" tests="2" failures="0" timestamp="26 Oct 2019 13:54:35 GMT" time="7.220" errors="1">
  <testcase name="userShouldNavigateToHomePage" time="0.000" classname="com.nopcommerce.demo.testsuite.HomePageTest">
    <skipped/>
  </testcase> <!-- userShouldNavigateToHomePage -->
  <testcase name="setUP" time="7.220" classname="com.nopcommerce.demo.testsuite.HomePageTest">
    <error type="org.openqa.selenium.SessionNotCreatedException" message="session not created
from disconnected: received Inspector.detached event
  (Session info: chrome=77.0.3865.120)
Build info: version: &#039;3.141.59&#039;, revision: &#039;e82be7d358&#039;, time: &#039;2018-11-14T08:17:03&#039;
System info: host: &#039;DAXESH&#039;, ip: &#039;172.17.16.191&#039;, os.name: &#039;Windows 10&#039;, os.arch: &#039;amd64&#039;, os.version: &#039;10.0&#039;, java.version: &#039;1.8.0_152&#039;
Driver info: driver.version: ChromeDriver
remote stacktrace: Backtrace:
	Ordinal0 [0x00BDEB13+1501971]
	Ordinal0 [0x00B5F6D1+980689]
	Ordinal0 [0x00AE765F+489055]
	Ordinal0 [0x00AE02B5+459445]
	Ordinal0 [0x00ADFEA4+458404]
	Ordinal0 [0x00ADFA1D+457245]
	Ordinal0 [0x00ADF21D+455197]
	Ordinal0 [0x00ADEDE4+454116]
	Ordinal0 [0x00ADEDA5+454053]
	Ordinal0 [0x00ADBAE2+441058]
	Ordinal0 [0x00ADED5C+453980]
	Ordinal0 [0x00ADEC44+453700]
	Ordinal0 [0x00AE8330+492336]
	Ordinal0 [0x00A9A108+172296]
	Ordinal0 [0x00A9942D+169005]
	Ordinal0 [0x00A978EB+162027]
	Ordinal0 [0x00A80AC7+68295]
	Ordinal0 [0x00A81B40+72512]
	Ordinal0 [0x00A81AD9+72409]
	Ordinal0 [0x00B78F37+1085239]
	GetHandleVerifier [0x00C7D7ED+503293]
	GetHandleVerifier [0x00C7D580+502672]
	GetHandleVerifier [0x00C846AC+531644]
	GetHandleVerifier [0x00C7DFFA+505354]
	Ordinal0 [0x00B70606+1050118]
	Ordinal0 [0x00B7047F+1049727]
	Ordinal0 [0x00B7AF9B+1093531]
	Ordinal0 [0x00B7B103+1093891]
	Ordinal0 [0x00B7A095+1089685]
	BaseThreadInitThunk [0x755C8494+36]
	RtlAreBitsSet [0x77DE41C8+136]
	RtlAreBitsSet [0x77DE4198+88]
">
      <![CDATA[org.openqa.selenium.SessionNotCreatedException: session not created
from disconnected: received Inspector.detached event
  (Session info: chrome=77.0.3865.120)
Build info: version: '3.141.59', revision: 'e82be7d358', time: '2018-11-14T08:17:03'
System info: host: 'DAXESH', ip: '172.17.16.191', os.name: 'Windows 10', os.arch: 'amd64', os.version: '10.0', java.version: '1.8.0_152'
Driver info: driver.version: ChromeDriver
remote stacktrace: Backtrace:
Ordinal0 [0x00BDEB13+1501971]
Ordinal0 [0x00B5F6D1+980689]
Ordinal0 [0x00AE765F+489055]
Ordinal0 [0x00AE02B5+459445]
Ordinal0 [0x00ADFEA4+458404]
Ordinal0 [0x00ADFA1D+457245]
Ordinal0 [0x00ADF21D+455197]
Ordinal0 [0x00ADEDE4+454116]
Ordinal0 [0x00ADEDA5+454053]
Ordinal0 [0x00ADBAE2+441058]
Ordinal0 [0x00ADED5C+453980]
Ordinal0 [0x00ADEC44+453700]
Ordinal0 [0x00AE8330+492336]
Ordinal0 [0x00A9A108+172296]
Ordinal0 [0x00A9942D+169005]
Ordinal0 [0x00A978EB+162027]
Ordinal0 [0x00A80AC7+68295]
Ordinal0 [0x00A81B40+72512]
Ordinal0 [0x00A81AD9+72409]
Ordinal0 [0x00B78F37+1085239]
GetHandleVerifier [0x00C7D7ED+503293]
GetHandleVerifier [0x00C7D580+502672]
GetHandleVerifier [0x00C846AC+531644]
GetHandleVerifier [0x00C7DFFA+505354]
Ordinal0 [0x00B70606+1050118]
Ordinal0 [0x00B7047F+1049727]
Ordinal0 [0x00B7AF9B+1093531]
Ordinal0 [0x00B7B103+1093891]
Ordinal0 [0x00B7A095+1089685]
BaseThreadInitThunk [0x755C8494+36]
RtlAreBitsSet [0x77DE41C8+136]
RtlAreBitsSet [0x77DE4198+88]

at sun.reflect.NativeConstructorAccessorImpl.newInstance0(Native Method)
at sun.reflect.NativeConstructorAccessorImpl.newInstance(NativeConstructorAccessorImpl.java:62)
at sun.reflect.DelegatingConstructorAccessorImpl.newInstance(DelegatingConstructorAccessorImpl.java:45)
at java.lang.reflect.Constructor.newInstance(Constructor.java:423)
at org.openqa.selenium.remote.W3CHandshakeResponse.lambda$errorHandler$0(W3CHandshakeResponse.java:62)
at org.openqa.selenium.remote.HandshakeResponse.lambda$getResponseFunction$0(HandshakeResponse.java:30)
at org.openqa.selenium.remote.ProtocolHandshake.lambda$createSession$0(ProtocolHandshake.java:126)
at java.util.stream.ReferencePipeline$3$1.accept(ReferencePipeline.java:193)
at java.util.Spliterators$ArraySpliterator.tryAdvance(Spliterators.java:958)
at java.util.stream.ReferencePipeline.forEachWithCancel(ReferencePipeline.java:126)
at java.util.stream.AbstractPipeline.copyIntoWithCancel(AbstractPipeline.java:498)
at java.util.stream.AbstractPipeline.copyInto(AbstractPipeline.java:485)
at java.util.stream.AbstractPipeline.wrapAndCopyInto(AbstractPipeline.java:471)
at java.util.stream.FindOps$FindOp.evaluateSequential(FindOps.java:152)
at java.util.stream.AbstractPipeline.evaluate(AbstractPipeline.java:234)
at java.util.stream.ReferencePipeline.findFirst(ReferencePipeline.java:464)
at org.openqa.selenium.remote.ProtocolHandshake.createSession(ProtocolHandshake.java:128)
at org.openqa.selenium.remote.ProtocolHandshake.createSession(ProtocolHandshake.java:74)
at org.openqa.selenium.remote.HttpCommandExecutor.execute(HttpCommandExecutor.java:136)
at org.openqa.selenium.remote.service.DriverCommandExecutor.execute(DriverCommandExecutor.java:83)
at org.openqa.selenium.remote.RemoteWebDriver.execute(RemoteWebDriver.java:552)
at org.openqa.selenium.remote.RemoteWebDriver.startSession(RemoteWebDriver.java:213)
at org.openqa.selenium.remote.RemoteWebDriver.<init>(RemoteWebDriver.java:131)
at org.openqa.selenium.chrome.ChromeDriver.<init>(ChromeDriver.java:181)
at org.openqa.selenium.chrome.ChromeDriver.<init>(ChromeDriver.java:168)
at org.openqa.selenium.chrome.ChromeDriver.<init>(ChromeDriver.java:123)
at com.nopcommerce.demo.browserselector.BrowserSelector.selectBrowser(BrowserSelector.java:17)
at com.nopcommerce.demo.testbase.TestBase.setUP(TestBase.java:16)
at sun.reflect.NativeMethodAccessorImpl.invoke0(Native Method)
at sun.reflect.NativeMethodAccessorImpl.invoke(NativeMethodAccessorImpl.java:62)
at sun.reflect.DelegatingMethodAccessorImpl.invoke(DelegatingMethodAccessorImpl.java:43)
at java.lang.reflect.Method.invoke(Method.java:498)
at org.testng.internal.MethodInvocationHelper.invokeMethod(MethodInvocationHelper.java:124)
at org.testng.internal.MethodInvocationHelper.invokeMethodConsideringTimeout(MethodInvocationHelper.java:59)
at org.testng.internal.Invoker.invokeConfigurationMethod(Invoker.java:458)
at org.testng.internal.Invoker.invokeConfigurations(Invoker.java:222)
at org.testng.internal.Invoker.invokeMethod(Invoker.java:523)
at org.testng.internal.Invoker.invokeTestMethod(Invoker.java:719)
at org.testng.internal.Invoker.invokeTestMethods(Invoker.java:989)
at org.testng.internal.TestMethodWorker.invokeTestMethods(TestMethodWorker.java:125)
at org.testng.internal.TestMethodWorker.run(TestMethodWorker.java:109)
at org.testng.TestRunner.privateRun(TestRunner.java:648)
at org.testng.TestRunner.run(TestRunner.java:505)
at org.testng.SuiteRunner.runTest(SuiteRunner.java:455)
at org.testng.SuiteRunner.runSequentially(SuiteRunner.java:450)
at org.testng.SuiteRunner.privateRun(SuiteRunner.java:415)
at org.testng.SuiteRunner.run(SuiteRunner.java:364)
at org.testng.SuiteRunnerWorker.runSuite(SuiteRunnerWorker.java:52)
at org.testng.SuiteRunnerWorker.run(SuiteRunnerWorker.java:84)
at org.testng.TestNG.runSuitesSequentially(TestNG.java:1208)
at org.testng.TestNG.runSuitesLocally(TestNG.java:1137)
at org.testng.TestNG.runSuites(TestNG.java:1049)
at org.testng.TestNG.run(TestNG.java:1017)
at org.apache.maven.surefire.testng.TestNGExecutor.run(TestNGExecutor.java:135)
at org.apache.maven.surefire.testng.TestNGDirectoryTestSuite.executeMulti(TestNGDirectoryTestSuite.java:193)
at org.apache.maven.surefire.testng.TestNGDirectoryTestSuite.execute(TestNGDirectoryTestSuite.java:94)
at org.apache.maven.surefire.testng.TestNGProvider.invoke(TestNGProvider.java:146)
at org.apache.maven.surefire.booter.ForkedBooter.invokeProviderInSameClassLoader(ForkedBooter.java:384)
at org.apache.maven.surefire.booter.ForkedBooter.runSuitesInProcess(ForkedBooter.java:345)
at org.apache.maven.surefire.booter.ForkedBooter.execute(ForkedBooter.java:126)
at org.apache.maven.surefire.booter.ForkedBooter.main(ForkedBooter.java:418)
]]>
    </error>
  </testcase> <!-- setUP -->
</testsuite> <!-- com.nopcommerce.demo.testsuite.HomePageTest -->
